<?xml version="1.0" encoding="utf-8"?><testsuite errors="0" failures="0" name="pytest" skips="0" tests="3" time="27.130"><testcase classname="test.test_regression.TestRegression" file="test/test_regression.py" line="80" name="test_dat_file" time="9.22767210007"><system-out>========================================================


OUTPUT of command: make -C test/v1_instance_1
make: Entering directory &apos;/home/blue/Desktop/Edinburgh High Perfomance With Data Science/Programming Skills/B159973-PS-Assessment2/test/v1_instance_1&apos;
gcc  -c arralloc.c -o arralloc.o
gcc  -c percolate.c -o percolate.o
gcc  -c uni.c -o uni.o
gcc  -o percolate arralloc.o percolate.o uni.o -lm
make: Leaving directory &apos;/home/blue/Desktop/Edinburgh High Perfomance With Data Science/Programming Skills/B159973-PS-Assessment2/test/v1_instance_1&apos;


ERRORS of command: make -C test/v1_instance_1

========================================================


OUTPUT of command: make -C test/v1_instance_2
make: Entering directory &apos;/home/blue/Desktop/Edinburgh High Perfomance With Data Science/Programming Skills/B159973-PS-Assessment2/test/v1_instance_2&apos;
gcc  -c arralloc.c -o arralloc.o
gcc  -c percolate.c -o percolate.o
gcc  -c uni.c -o uni.o
gcc  -o percolate arralloc.o percolate.o uni.o -lm
make: Leaving directory &apos;/home/blue/Desktop/Edinburgh High Perfomance With Data Science/Programming Skills/B159973-PS-Assessment2/test/v1_instance_2&apos;


ERRORS of command: make -C test/v1_instance_2

========================================================


OUTPUT of command: make -C test/v1_instance_3
make: Entering directory &apos;/home/blue/Desktop/Edinburgh High Perfomance With Data Science/Programming Skills/B159973-PS-Assessment2/test/v1_instance_3&apos;
gcc  -c arralloc.c -o arralloc.o
gcc  -c percolate.c -o percolate.o
gcc  -c uni.c -o uni.o
gcc  -o percolate arralloc.o percolate.o uni.o -lm
make: Leaving directory &apos;/home/blue/Desktop/Edinburgh High Perfomance With Data Science/Programming Skills/B159973-PS-Assessment2/test/v1_instance_3&apos;


ERRORS of command: make -C test/v1_instance_3

========================================================


OUTPUT of command: make -C test/v1_instance_4
make: Entering directory &apos;/home/blue/Desktop/Edinburgh High Perfomance With Data Science/Programming Skills/B159973-PS-Assessment2/test/v1_instance_4&apos;
gcc  -c arralloc.c -o arralloc.o
gcc  -c percolate.c -o percolate.o
gcc  -c uni.c -o uni.o
gcc  -o percolate arralloc.o percolate.o uni.o -lm
make: Leaving directory &apos;/home/blue/Desktop/Edinburgh High Perfomance With Data Science/Programming Skills/B159973-PS-Assessment2/test/v1_instance_4&apos;


ERRORS of command: make -C test/v1_instance_4

========================================================


OUTPUT of command: make -C test/v1_instance_5
make: Entering directory &apos;/home/blue/Desktop/Edinburgh High Perfomance With Data Science/Programming Skills/B159973-PS-Assessment2/test/v1_instance_5&apos;
gcc  -c arralloc.c -o arralloc.o
gcc  -c percolate.c -o percolate.o
gcc  -c uni.c -o uni.o
gcc  -o percolate arralloc.o percolate.o uni.o -lm
make: Leaving directory &apos;/home/blue/Desktop/Edinburgh High Perfomance With Data Science/Programming Skills/B159973-PS-Assessment2/test/v1_instance_5&apos;


ERRORS of command: make -C test/v1_instance_5

========================================================


OUTPUT of command: make -C test/v1_instance_6
make: Entering directory &apos;/home/blue/Desktop/Edinburgh High Perfomance With Data Science/Programming Skills/B159973-PS-Assessment2/test/v1_instance_6&apos;
gcc  -c arralloc.c -o arralloc.o
gcc  -c percolate.c -o percolate.o
gcc  -c uni.c -o uni.o
gcc  -o percolate arralloc.o percolate.o uni.o -lm
make: Leaving directory &apos;/home/blue/Desktop/Edinburgh High Perfomance With Data Science/Programming Skills/B159973-PS-Assessment2/test/v1_instance_6&apos;


ERRORS of command: make -C test/v1_instance_6

========================================================


OUTPUT of command: make -C test/v1_instance_7
make: Entering directory &apos;/home/blue/Desktop/Edinburgh High Perfomance With Data Science/Programming Skills/B159973-PS-Assessment2/test/v1_instance_7&apos;
gcc  -c arralloc.c -o arralloc.o
gcc  -c percolate.c -o percolate.o
gcc  -c uni.c -o uni.o
gcc  -o percolate arralloc.o percolate.o uni.o -lm
make: Leaving directory &apos;/home/blue/Desktop/Edinburgh High Perfomance With Data Science/Programming Skills/B159973-PS-Assessment2/test/v1_instance_7&apos;


ERRORS of command: make -C test/v1_instance_7

========================================================


OUTPUT of command: make -C test/v1_instance_8
make: Entering directory &apos;/home/blue/Desktop/Edinburgh High Perfomance With Data Science/Programming Skills/B159973-PS-Assessment2/test/v1_instance_8&apos;
gcc  -c arralloc.c -o arralloc.o
gcc  -c percolate.c -o percolate.o
gcc  -c uni.c -o uni.o
gcc  -o percolate arralloc.o percolate.o uni.o -lm
make: Leaving directory &apos;/home/blue/Desktop/Edinburgh High Perfomance With Data Science/Programming Skills/B159973-PS-Assessment2/test/v1_instance_8&apos;


ERRORS of command: make -C test/v1_instance_8

========================================================


OUTPUT of command: make -C test/v1_instance_9
make: Entering directory &apos;/home/blue/Desktop/Edinburgh High Perfomance With Data Science/Programming Skills/B159973-PS-Assessment2/test/v1_instance_9&apos;
gcc  -c arralloc.c -o arralloc.o
gcc  -c percolate.c -o percolate.o
gcc  -c uni.c -o uni.o
gcc  -o percolate arralloc.o percolate.o uni.o -lm
make: Leaving directory &apos;/home/blue/Desktop/Edinburgh High Perfomance With Data Science/Programming Skills/B159973-PS-Assessment2/test/v1_instance_9&apos;


ERRORS of command: make -C test/v1_instance_9

========================================================


OUTPUT of command: make -C test/v1_instance_10
make: Entering directory &apos;/home/blue/Desktop/Edinburgh High Perfomance With Data Science/Programming Skills/B159973-PS-Assessment2/test/v1_instance_10&apos;
gcc  -c arralloc.c -o arralloc.o
gcc  -c percolate.c -o percolate.o
gcc  -c uni.c -o uni.o
gcc  -o percolate arralloc.o percolate.o uni.o -lm
make: Leaving directory &apos;/home/blue/Desktop/Edinburgh High Perfomance With Data Science/Programming Skills/B159973-PS-Assessment2/test/v1_instance_10&apos;


ERRORS of command: make -C test/v1_instance_10

========================================================


OUTPUT of command: cd test/v1_instance_1 ; ./percolate
Parameters are rho=0.400000, L=20, seed=1564
rho = 0.400000, actual density = 0.425000
Number of changes on loop 1 is 199
Number of changes on loop 2 is 170
Number of changes on loop 3 is 149
Number of changes on loop 4 is 132
Number of changes on loop 5 is 118
Number of changes on loop 6 is 113
Number of changes on loop 7 is 78
Number of changes on loop 8 is 64
Number of changes on loop 9 is 63
Number of changes on loop 10 is 58
Number of changes on loop 11 is 54
Number of changes on loop 12 is 48
Number of changes on loop 13 is 40
Number of changes on loop 14 is 38
Number of changes on loop 15 is 30
Number of changes on loop 16 is 28
Number of changes on loop 17 is 25
Number of changes on loop 18 is 22
Number of changes on loop 19 is 11
Number of changes on loop 20 is 2
Number of changes on loop 21 is 0
Cluster DOES percolate. Cluster number: 225
Opening file &lt;map.dat&gt;
Writing data ...
...done
File closed
Opening file &lt;map.pgm&gt;
Map has 21 clusters, maximum cluster size is 121
Displaying all clusters
Writing data ...
...done
File closed


ERRORS of command: cd test/v1_instance_1 ; ./percolate

========================================================


OUTPUT of command: cd test/v1_instance_1 ;  chmod +x move.sh


ERRORS of command: cd test/v1_instance_1 ;  chmod +x move.sh

========================================================


OUTPUT of command: cd test/v1_instance_1 ; ./move.sh


ERRORS of command: cd test/v1_instance_1 ; ./move.sh

========================================================


OUTPUT of command: cd test/v1_instance_2 ; ./percolate
Parameters are rho=0.100000, L=1, seed=1
rho = 0.100000, actual density = 0.000000
Number of changes on loop 1 is 0
Cluster DOES percolate. Cluster number: 1
Opening file &lt;map.dat&gt;
Writing data ...
...done
File closed
Opening file &lt;map.pgm&gt;
Map has 1 clusters, maximum cluster size is 1
Displaying the largest cluster
Writing data ...
...done
File closed


ERRORS of command: cd test/v1_instance_2 ; ./percolate

========================================================


OUTPUT of command: cd test/v1_instance_2 ;  chmod +x move.sh


ERRORS of command: cd test/v1_instance_2 ;  chmod +x move.sh

========================================================


OUTPUT of command: cd test/v1_instance_2 ; ./move.sh


ERRORS of command: cd test/v1_instance_2 ; ./move.sh

========================================================


OUTPUT of command: cd test/v1_instance_3 ; ./percolate
Parameters are rho=0.500000, L=100, seed=10000000
rho = 0.500000, actual density = 0.501600
Number of changes on loop 1 is 4088
Number of changes on loop 2 is 3295
Number of changes on loop 3 is 2748
Number of changes on loop 4 is 2329
Number of changes on loop 5 is 2010
Number of changes on loop 6 is 1734
Number of changes on loop 7 is 1487
Number of changes on loop 8 is 1251
Number of changes on loop 9 is 1102
Number of changes on loop 10 is 998
Number of changes on loop 11 is 939
Number of changes on loop 12 is 884
Number of changes on loop 13 is 820
Number of changes on loop 14 is 736
Number of changes on loop 15 is 702
Number of changes on loop 16 is 666
Number of changes on loop 17 is 577
Number of changes on loop 18 is 505
Number of changes on loop 19 is 454
Number of changes on loop 20 is 401
Number of changes on loop 21 is 350
Number of changes on loop 22 is 314
Number of changes on loop 23 is 294
Number of changes on loop 24 is 278
Number of changes on loop 25 is 223
Number of changes on loop 26 is 186
Number of changes on loop 27 is 148
Number of changes on loop 28 is 111
Number of changes on loop 29 is 86
Number of changes on loop 30 is 68
Number of changes on loop 31 is 47
Number of changes on loop 32 is 39
Number of changes on loop 33 is 31
Number of changes on loop 34 is 19
Number of changes on loop 35 is 10
Number of changes on loop 36 is 3
Number of changes on loop 37 is 0
Cluster DOES NOT percolate
Opening file &lt;map.dat&gt;
Writing data ...
...done
File closed
Opening file &lt;map.pgm&gt;
Map has 743 clusters, maximum cluster size is 296
Displaying the largest 10 clusters
Writing data ...
...done
File closed


ERRORS of command: cd test/v1_instance_3 ; ./percolate

========================================================


OUTPUT of command: cd test/v1_instance_3 ;  chmod +x move.sh


ERRORS of command: cd test/v1_instance_3 ;  chmod +x move.sh

========================================================


OUTPUT of command: cd test/v1_instance_3 ; ./move.sh


ERRORS of command: cd test/v1_instance_3 ; ./move.sh

========================================================


OUTPUT of command: cd test/v1_instance_4 ; ./percolate
Parameters are rho=1.000000, L=200, seed=1000
rho = 1.000000, actual density = 1.000000
Number of changes on loop 1 is 0
Cluster DOES NOT percolate
Opening file &lt;map.dat&gt;
Writing data ...
...done
File closed
Opening file &lt;map.pgm&gt;
Map has 0 clusters, maximum cluster size is 0
Displaying all clusters
Writing data ...
...done
File closed


ERRORS of command: cd test/v1_instance_4 ; ./percolate

========================================================


OUTPUT of command: cd test/v1_instance_4 ;  chmod +x move.sh


ERRORS of command: cd test/v1_instance_4 ;  chmod +x move.sh

========================================================


OUTPUT of command: cd test/v1_instance_4 ; ./move.sh


ERRORS of command: cd test/v1_instance_4 ; ./move.sh

========================================================


OUTPUT of command: cd test/v1_instance_5 ; ./percolate
Parameters are rho=0.000000, L=100, seed=10
rho = 0.000000, actual density = 0.000000
Number of changes on loop 1 is 9999
Number of changes on loop 2 is 9997
Number of changes on loop 3 is 9994
Number of changes on loop 4 is 9990
Number of changes on loop 5 is 9985
Number of changes on loop 6 is 9979
Number of changes on loop 7 is 9972
Number of changes on loop 8 is 9964
Number of changes on loop 9 is 9955
Number of changes on loop 10 is 9945
Number of changes on loop 11 is 9934
Number of changes on loop 12 is 9922
Number of changes on loop 13 is 9909
Number of changes on loop 14 is 9895
Number of changes on loop 15 is 9880
Number of changes on loop 16 is 9864
Number of changes on loop 17 is 9847
Number of changes on loop 18 is 9829
Number of changes on loop 19 is 9810
Number of changes on loop 20 is 9790
Number of changes on loop 21 is 9769
Number of changes on loop 22 is 9747
Number of changes on loop 23 is 9724
Number of changes on loop 24 is 9700
Number of changes on loop 25 is 9675
Number of changes on loop 26 is 9649
Number of changes on loop 27 is 9622
Number of changes on loop 28 is 9594
Number of changes on loop 29 is 9565
Number of changes on loop 30 is 9535
Number of changes on loop 31 is 9504
Number of changes on loop 32 is 9472
Number of changes on loop 33 is 9439
Number of changes on loop 34 is 9405
Number of changes on loop 35 is 9370
Number of changes on loop 36 is 9334
Number of changes on loop 37 is 9297
Number of changes on loop 38 is 9259
Number of changes on loop 39 is 9220
Number of changes on loop 40 is 9180
Number of changes on loop 41 is 9139
Number of changes on loop 42 is 9097
Number of changes on loop 43 is 9054
Number of changes on loop 44 is 9010
Number of changes on loop 45 is 8965
Number of changes on loop 46 is 8919
Number of changes on loop 47 is 8872
Number of changes on loop 48 is 8824
Number of changes on loop 49 is 8775
Number of changes on loop 50 is 8725
Number of changes on loop 51 is 8674
Number of changes on loop 52 is 8622
Number of changes on loop 53 is 8569
Number of changes on loop 54 is 8515
Number of changes on loop 55 is 8460
Number of changes on loop 56 is 8404
Number of changes on loop 57 is 8347
Number of changes on loop 58 is 8289
Number of changes on loop 59 is 8230
Number of changes on loop 60 is 8170
Number of changes on loop 61 is 8109
Number of changes on loop 62 is 8047
Number of changes on loop 63 is 7984
Number of changes on loop 64 is 7920
Number of changes on loop 65 is 7855
Number of changes on loop 66 is 7789
Number of changes on loop 67 is 7722
Number of changes on loop 68 is 7654
Number of changes on loop 69 is 7585
Number of changes on loop 70 is 7515
Number of changes on loop 71 is 7444
Number of changes on loop 72 is 7372
Number of changes on loop 73 is 7299
Number of changes on loop 74 is 7225
Number of changes on loop 75 is 7150
Number of changes on loop 76 is 7074
Number of changes on loop 77 is 6997
Number of changes on loop 78 is 6919
Number of changes on loop 79 is 6840
Number of changes on loop 80 is 6760
Number of changes on loop 81 is 6679
Number of changes on loop 82 is 6597
Number of changes on loop 83 is 6514
Number of changes on loop 84 is 6430
Number of changes on loop 85 is 6345
Number of changes on loop 86 is 6259
Number of changes on loop 87 is 6172
Number of changes on loop 88 is 6084
Number of changes on loop 89 is 5995
Number of changes on loop 90 is 5905
Number of changes on loop 91 is 5814
Number of changes on loop 92 is 5722
Number of changes on loop 93 is 5629
Number of changes on loop 94 is 5535
Number of changes on loop 95 is 5440
Number of changes on loop 96 is 5344
Number of changes on loop 97 is 5247
Number of changes on loop 98 is 5149
Number of changes on loop 99 is 5050
Number of changes on loop 100 is 4950
Number of changes on loop 101 is 4851
Number of changes on loop 102 is 4753
Number of changes on loop 103 is 4656
Number of changes on loop 104 is 4560
Number of changes on loop 105 is 4465
Number of changes on loop 106 is 4371
Number of changes on loop 107 is 4278
Number of changes on loop 108 is 4186
Number of changes on loop 109 is 4095
Number of changes on loop 110 is 4005
Number of changes on loop 111 is 3916
Number of changes on loop 112 is 3828
Number of changes on loop 113 is 3741
Number of changes on loop 114 is 3655
Number of changes on loop 115 is 3570
Number of changes on loop 116 is 3486
Number of changes on loop 117 is 3403
Number of changes on loop 118 is 3321
Number of changes on loop 119 is 3240
Number of changes on loop 120 is 3160
Number of changes on loop 121 is 3081
Number of changes on loop 122 is 3003
Number of changes on loop 123 is 2926
Number of changes on loop 124 is 2850
Number of changes on loop 125 is 2775
Number of changes on loop 126 is 2701
Number of changes on loop 127 is 2628
Number of changes on loop 128 is 2556
Number of changes on loop 129 is 2485
Number of changes on loop 130 is 2415
Number of changes on loop 131 is 2346
Number of changes on loop 132 is 2278
Number of changes on loop 133 is 2211
Number of changes on loop 134 is 2145
Number of changes on loop 135 is 2080
Number of changes on loop 136 is 2016
Number of changes on loop 137 is 1953
Number of changes on loop 138 is 1891
Number of changes on loop 139 is 1830
Number of changes on loop 140 is 1770
Number of changes on loop 141 is 1711
Number of changes on loop 142 is 1653
Number of changes on loop 143 is 1596
Number of changes on loop 144 is 1540
Number of changes on loop 145 is 1485
Number of changes on loop 146 is 1431
Number of changes on loop 147 is 1378
Number of changes on loop 148 is 1326
Number of changes on loop 149 is 1275
Number of changes on loop 150 is 1225
Number of changes on loop 151 is 1176
Number of changes on loop 152 is 1128
Number of changes on loop 153 is 1081
Number of changes on loop 154 is 1035
Number of changes on loop 155 is 990
Number of changes on loop 156 is 946
Number of changes on loop 157 is 903
Number of changes on loop 158 is 861
Number of changes on loop 159 is 820
Number of changes on loop 160 is 780
Number of changes on loop 161 is 741
Number of changes on loop 162 is 703
Number of changes on loop 163 is 666
Number of changes on loop 164 is 630
Number of changes on loop 165 is 595
Number of changes on loop 166 is 561
Number of changes on loop 167 is 528
Number of changes on loop 168 is 496
Number of changes on loop 169 is 465
Number of changes on loop 170 is 435
Number of changes on loop 171 is 406
Number of changes on loop 172 is 378
Number of changes on loop 173 is 351
Number of changes on loop 174 is 325
Number of changes on loop 175 is 300
Number of changes on loop 176 is 276
Number of changes on loop 177 is 253
Number of changes on loop 178 is 231
Number of changes on loop 179 is 210
Number of changes on loop 180 is 190
Number of changes on loop 181 is 171
Number of changes on loop 182 is 153
Number of changes on loop 183 is 136
Number of changes on loop 184 is 120
Number of changes on loop 185 is 105
Number of changes on loop 186 is 91
Number of changes on loop 187 is 78
Number of changes on loop 188 is 66
Number of changes on loop 189 is 55
Number of changes on loop 190 is 45
Number of changes on loop 191 is 36
Number of changes on loop 192 is 28
Number of changes on loop 193 is 21
Number of changes on loop 194 is 15
Number of changes on loop 195 is 10
Number of changes on loop 196 is 6
Number of changes on loop 197 is 3
Number of changes on loop 198 is 1
Number of changes on loop 199 is 0
Cluster DOES percolate. Cluster number: 10000
Opening file &lt;map.dat&gt;
Writing data ...
...done
File closed
Opening file &lt;map.pgm&gt;
Map has 1 clusters, maximum cluster size is 10000
Displaying the largest cluster
Writing data ...
...done
File closed


ERRORS of command: cd test/v1_instance_5 ; ./percolate

========================================================


OUTPUT of command: cd test/v1_instance_5 ;  chmod +x move.sh


ERRORS of command: cd test/v1_instance_5 ;  chmod +x move.sh

========================================================


OUTPUT of command: cd test/v1_instance_5 ; ./move.sh


ERRORS of command: cd test/v1_instance_5 ; ./move.sh

========================================================


OUTPUT of command: cd test/v1_instance_6 ; ./percolate
Parameters are rho=0.500000, L=1000, seed=5
rho = 0.500000, actual density = 0.499606
Number of changes on loop 1 is 416932
Number of changes on loop 2 is 345843
Number of changes on loop 3 is 296728
Number of changes on loop 4 is 257800
Number of changes on loop 5 is 225509
Number of changes on loop 6 is 198132
Number of changes on loop 7 is 174797
Number of changes on loop 8 is 154601
Number of changes on loop 9 is 136632
Number of changes on loop 10 is 121078
Number of changes on loop 11 is 107909
Number of changes on loop 12 is 96191
Number of changes on loop 13 is 86207
Number of changes on loop 14 is 77285
Number of changes on loop 15 is 69627
Number of changes on loop 16 is 62346
Number of changes on loop 17 is 56217
Number of changes on loop 18 is 50737
Number of changes on loop 19 is 45578
Number of changes on loop 20 is 41000
Number of changes on loop 21 is 36965
Number of changes on loop 22 is 33171
Number of changes on loop 23 is 29808
Number of changes on loop 24 is 27028
Number of changes on loop 25 is 24501
Number of changes on loop 26 is 22100
Number of changes on loop 27 is 20010
Number of changes on loop 28 is 18195
Number of changes on loop 29 is 16521
Number of changes on loop 30 is 14971
Number of changes on loop 31 is 13524
Number of changes on loop 32 is 12079
Number of changes on loop 33 is 10867
Number of changes on loop 34 is 9650
Number of changes on loop 35 is 8722
Number of changes on loop 36 is 7921
Number of changes on loop 37 is 6960
Number of changes on loop 38 is 6187
Number of changes on loop 39 is 5665
Number of changes on loop 40 is 5136
Number of changes on loop 41 is 4616
Number of changes on loop 42 is 4179
Number of changes on loop 43 is 3755
Number of changes on loop 44 is 3351
Number of changes on loop 45 is 2950
Number of changes on loop 46 is 2582
Number of changes on loop 47 is 2378
Number of changes on loop 48 is 2189
Number of changes on loop 49 is 2062
Number of changes on loop 50 is 1827
Number of changes on loop 51 is 1736
Number of changes on loop 52 is 1608
Number of changes on loop 53 is 1449
Number of changes on loop 54 is 1333
Number of changes on loop 55 is 1187
Number of changes on loop 56 is 1088
Number of changes on loop 57 is 990
Number of changes on loop 58 is 936
Number of changes on loop 59 is 886
Number of changes on loop 60 is 819
Number of changes on loop 61 is 770
Number of changes on loop 62 is 729
Number of changes on loop 63 is 694
Number of changes on loop 64 is 639
Number of changes on loop 65 is 593
Number of changes on loop 66 is 578
Number of changes on loop 67 is 555
Number of changes on loop 68 is 525
Number of changes on loop 69 is 505
Number of changes on loop 70 is 474
Number of changes on loop 71 is 452
Number of changes on loop 72 is 454
Number of changes on loop 73 is 426
Number of changes on loop 74 is 381
Number of changes on loop 75 is 362
Number of changes on loop 76 is 315
Number of changes on loop 77 is 305
Number of changes on loop 78 is 282
Number of changes on loop 79 is 275
Number of changes on loop 80 is 267
Number of changes on loop 81 is 259
Number of changes on loop 82 is 246
Number of changes on loop 83 is 232
Number of changes on loop 84 is 208
Number of changes on loop 85 is 193
Number of changes on loop 86 is 186
Number of changes on loop 87 is 173
Number of changes on loop 88 is 160
Number of changes on loop 89 is 152
Number of changes on loop 90 is 150
Number of changes on loop 91 is 141
Number of changes on loop 92 is 135
Number of changes on loop 93 is 134
Number of changes on loop 94 is 130
Number of changes on loop 95 is 127
Number of changes on loop 96 is 111
Number of changes on loop 97 is 117
Number of changes on loop 98 is 118
Number of changes on loop 99 is 109
Number of changes on loop 100 is 82
Number of changes on loop 101 is 72
Number of changes on loop 102 is 65
Number of changes on loop 103 is 56
Number of changes on loop 104 is 37
Number of changes on loop 105 is 21
Number of changes on loop 106 is 13
Number of changes on loop 107 is 8
Number of changes on loop 108 is 3
Number of changes on loop 109 is 0
Cluster DOES NOT percolate
Opening file &lt;map.dat&gt;
Writing data ...
...done
File closed
Opening file &lt;map.pgm&gt;
Map has 65737 clusters, maximum cluster size is 567
Displaying the largest 100 clusters
Writing data ...
...done
File closed


ERRORS of command: cd test/v1_instance_6 ; ./percolate

========================================================


OUTPUT of command: cd test/v1_instance_6 ;  chmod +x move.sh


ERRORS of command: cd test/v1_instance_6 ;  chmod +x move.sh

========================================================


OUTPUT of command: cd test/v1_instance_6 ; ./move.sh


ERRORS of command: cd test/v1_instance_6 ; ./move.sh

========================================================


OUTPUT of command: cd test/v1_instance_7 ; ./percolate
Parameters are rho=0.550000, L=500, seed=555
rho = 0.550000, actual density = 0.549560
Number of changes on loop 1 is 87520
Number of changes on loop 2 is 66846
Number of changes on loop 3 is 52701
Number of changes on loop 4 is 42331
Number of changes on loop 5 is 34137
Number of changes on loop 6 is 27514
Number of changes on loop 7 is 22129
Number of changes on loop 8 is 18084
Number of changes on loop 9 is 14836
Number of changes on loop 10 is 12173
Number of changes on loop 11 is 10066
Number of changes on loop 12 is 8236
Number of changes on loop 13 is 6873
Number of changes on loop 14 is 5650
Number of changes on loop 15 is 4631
Number of changes on loop 16 is 3867
Number of changes on loop 17 is 3248
Number of changes on loop 18 is 2708
Number of changes on loop 19 is 2273
Number of changes on loop 20 is 1880
Number of changes on loop 21 is 1565
Number of changes on loop 22 is 1320
Number of changes on loop 23 is 1081
Number of changes on loop 24 is 898
Number of changes on loop 25 is 753
Number of changes on loop 26 is 625
Number of changes on loop 27 is 492
Number of changes on loop 28 is 384
Number of changes on loop 29 is 307
Number of changes on loop 30 is 233
Number of changes on loop 31 is 170
Number of changes on loop 32 is 142
Number of changes on loop 33 is 121
Number of changes on loop 34 is 119
Number of changes on loop 35 is 101
Number of changes on loop 36 is 110
Number of changes on loop 37 is 98
Number of changes on loop 38 is 79
Number of changes on loop 39 is 71
Number of changes on loop 40 is 69
Number of changes on loop 41 is 57
Number of changes on loop 42 is 42
Number of changes on loop 43 is 38
Number of changes on loop 44 is 28
Number of changes on loop 45 is 22
Number of changes on loop 46 is 26
Number of changes on loop 47 is 22
Number of changes on loop 48 is 12
Number of changes on loop 49 is 8
Number of changes on loop 50 is 5
Number of changes on loop 51 is 2
Number of changes on loop 52 is 0
Cluster DOES NOT percolate
Opening file &lt;map.dat&gt;
Writing data ...
...done
File closed
Opening file &lt;map.pgm&gt;
Map has 22121 clusters, maximum cluster size is 198
Displaying the largest 5 clusters
Writing data ...
...done
File closed


ERRORS of command: cd test/v1_instance_7 ; ./percolate

========================================================


OUTPUT of command: cd test/v1_instance_7 ;  chmod +x move.sh


ERRORS of command: cd test/v1_instance_7 ;  chmod +x move.sh

========================================================


OUTPUT of command: cd test/v1_instance_7 ; ./move.sh


ERRORS of command: cd test/v1_instance_7 ; ./move.sh

========================================================


OUTPUT of command: cd test/v1_instance_8 ; ./percolate
Parameters are rho=0.300000, L=200, seed=112
rho = 0.300000, actual density = 0.298775
Number of changes on loop 1 is 27025
Number of changes on loop 2 is 26465
Number of changes on loop 3 is 26339
Number of changes on loop 4 is 26394
Number of changes on loop 5 is 26404
Number of changes on loop 6 is 26384
Number of changes on loop 7 is 26272
Number of changes on loop 8 is 26279
Number of changes on loop 9 is 26276
Number of changes on loop 10 is 26304
Number of changes on loop 11 is 26328
Number of changes on loop 12 is 26329
Number of changes on loop 13 is 26242
Number of changes on loop 14 is 26179
Number of changes on loop 15 is 26159
Number of changes on loop 16 is 26135
Number of changes on loop 17 is 26093
Number of changes on loop 18 is 26042
Number of changes on loop 19 is 25985
Number of changes on loop 20 is 25815
Number of changes on loop 21 is 25738
Number of changes on loop 22 is 25665
Number of changes on loop 23 is 25499
Number of changes on loop 24 is 25435
Number of changes on loop 25 is 25344
Number of changes on loop 26 is 25340
Number of changes on loop 27 is 25408
Number of changes on loop 28 is 25264
Number of changes on loop 29 is 25147
Number of changes on loop 30 is 25104
Number of changes on loop 31 is 24941
Number of changes on loop 32 is 24889
Number of changes on loop 33 is 24874
Number of changes on loop 34 is 24871
Number of changes on loop 35 is 24766
Number of changes on loop 36 is 24746
Number of changes on loop 37 is 24665
Number of changes on loop 38 is 24486
Number of changes on loop 39 is 24398
Number of changes on loop 40 is 24247
Number of changes on loop 41 is 24219
Number of changes on loop 42 is 24087
Number of changes on loop 43 is 24028
Number of changes on loop 44 is 23968
Number of changes on loop 45 is 23943
Number of changes on loop 46 is 23865
Number of changes on loop 47 is 23828
Number of changes on loop 48 is 23728
Number of changes on loop 49 is 23703
Number of changes on loop 50 is 23589
Number of changes on loop 51 is 23473
Number of changes on loop 52 is 23672
Number of changes on loop 53 is 23497
Number of changes on loop 54 is 23548
Number of changes on loop 55 is 23457
Number of changes on loop 56 is 23374
Number of changes on loop 57 is 23221
Number of changes on loop 58 is 23029
Number of changes on loop 59 is 22941
Number of changes on loop 60 is 22852
Number of changes on loop 61 is 22825
Number of changes on loop 62 is 22726
Number of changes on loop 63 is 22568
Number of changes on loop 64 is 22524
Number of changes on loop 65 is 22628
Number of changes on loop 66 is 22596
Number of changes on loop 67 is 22502
Number of changes on loop 68 is 22376
Number of changes on loop 69 is 22139
Number of changes on loop 70 is 22073
Number of changes on loop 71 is 21932
Number of changes on loop 72 is 21864
Number of changes on loop 73 is 21836
Number of changes on loop 74 is 21738
Number of changes on loop 75 is 21637
Number of changes on loop 76 is 21637
Number of changes on loop 77 is 21746
Number of changes on loop 78 is 21575
Number of changes on loop 79 is 21390
Number of changes on loop 80 is 21221
Number of changes on loop 81 is 21133
Number of changes on loop 82 is 21027
Number of changes on loop 83 is 20964
Number of changes on loop 84 is 20873
Number of changes on loop 85 is 20786
Number of changes on loop 86 is 20695
Number of changes on loop 87 is 20547
Number of changes on loop 88 is 20527
Number of changes on loop 89 is 20461
Number of changes on loop 90 is 20391
Number of changes on loop 91 is 20347
Number of changes on loop 92 is 20161
Number of changes on loop 93 is 20072
Number of changes on loop 94 is 20103
Number of changes on loop 95 is 19985
Number of changes on loop 96 is 19876
Number of changes on loop 97 is 19758
Number of changes on loop 98 is 19650
Number of changes on loop 99 is 19565
Number of changes on loop 100 is 19482
Number of changes on loop 101 is 19435
Number of changes on loop 102 is 19349
Number of changes on loop 103 is 19204
Number of changes on loop 104 is 19085
Number of changes on loop 105 is 18874
Number of changes on loop 106 is 18911
Number of changes on loop 107 is 18866
Number of changes on loop 108 is 18660
Number of changes on loop 109 is 18534
Number of changes on loop 110 is 18373
Number of changes on loop 111 is 18249
Number of changes on loop 112 is 18186
Number of changes on loop 113 is 18101
Number of changes on loop 114 is 18010
Number of changes on loop 115 is 17858
Number of changes on loop 116 is 17766
Number of changes on loop 117 is 17616
Number of changes on loop 118 is 17592
Number of changes on loop 119 is 17575
Number of changes on loop 120 is 17551
Number of changes on loop 121 is 17478
Number of changes on loop 122 is 17324
Number of changes on loop 123 is 17175
Number of changes on loop 124 is 17075
Number of changes on loop 125 is 17039
Number of changes on loop 126 is 16850
Number of changes on loop 127 is 16738
Number of changes on loop 128 is 16624
Number of changes on loop 129 is 16545
Number of changes on loop 130 is 16451
Number of changes on loop 131 is 16373
Number of changes on loop 132 is 16376
Number of changes on loop 133 is 16283
Number of changes on loop 134 is 16129
Number of changes on loop 135 is 16122
Number of changes on loop 136 is 16063
Number of changes on loop 137 is 15857
Number of changes on loop 138 is 15678
Number of changes on loop 139 is 15531
Number of changes on loop 140 is 15394
Number of changes on loop 141 is 15307
Number of changes on loop 142 is 15282
Number of changes on loop 143 is 15333
Number of changes on loop 144 is 15181
Number of changes on loop 145 is 15112
Number of changes on loop 146 is 15066
Number of changes on loop 147 is 14939
Number of changes on loop 148 is 14872
Number of changes on loop 149 is 14715
Number of changes on loop 150 is 14537
Number of changes on loop 151 is 14531
Number of changes on loop 152 is 14365
Number of changes on loop 153 is 14302
Number of changes on loop 154 is 14161
Number of changes on loop 155 is 14119
Number of changes on loop 156 is 14027
Number of changes on loop 157 is 14021
Number of changes on loop 158 is 13898
Number of changes on loop 159 is 13817
Number of changes on loop 160 is 13703
Number of changes on loop 161 is 13471
Number of changes on loop 162 is 13305
Number of changes on loop 163 is 13259
Number of changes on loop 164 is 13127
Number of changes on loop 165 is 12991
Number of changes on loop 166 is 12900
Number of changes on loop 167 is 12862
Number of changes on loop 168 is 12874
Number of changes on loop 169 is 12738
Number of changes on loop 170 is 12595
Number of changes on loop 171 is 12530
Number of changes on loop 172 is 12516
Number of changes on loop 173 is 12346
Number of changes on loop 174 is 12301
Number of changes on loop 175 is 12040
Number of changes on loop 176 is 11933
Number of changes on loop 177 is 11668
Number of changes on loop 178 is 11639
Number of changes on loop 179 is 11633
Number of changes on loop 180 is 11486
Number of changes on loop 181 is 11279
Number of changes on loop 182 is 11167
Number of changes on loop 183 is 11050
Number of changes on loop 184 is 10993
Number of changes on loop 185 is 10915
Number of changes on loop 186 is 10777
Number of changes on loop 187 is 10554
Number of changes on loop 188 is 10394
Number of changes on loop 189 is 10234
Number of changes on loop 190 is 10085
Number of changes on loop 191 is 10014
Number of changes on loop 192 is 9982
Number of changes on loop 193 is 9836
Number of changes on loop 194 is 9857
Number of changes on loop 195 is 9777
Number of changes on loop 196 is 9567
Number of changes on loop 197 is 9445
Number of changes on loop 198 is 9303
Number of changes on loop 199 is 9178
Number of changes on loop 200 is 9100
Number of changes on loop 201 is 8952
Number of changes on loop 202 is 8881
Number of changes on loop 203 is 8600
Number of changes on loop 204 is 8554
Number of changes on loop 205 is 8451
Number of changes on loop 206 is 8400
Number of changes on loop 207 is 8220
Number of changes on loop 208 is 8164
Number of changes on loop 209 is 8063
Number of changes on loop 210 is 7990
Number of changes on loop 211 is 7779
Number of changes on loop 212 is 7718
Number of changes on loop 213 is 7585
Number of changes on loop 214 is 7602
Number of changes on loop 215 is 7420
Number of changes on loop 216 is 7392
Number of changes on loop 217 is 7327
Number of changes on loop 218 is 7221
Number of changes on loop 219 is 7049
Number of changes on loop 220 is 6894
Number of changes on loop 221 is 6733
Number of changes on loop 222 is 6676
Number of changes on loop 223 is 6652
Number of changes on loop 224 is 6599
Number of changes on loop 225 is 6567
Number of changes on loop 226 is 6460
Number of changes on loop 227 is 6319
Number of changes on loop 228 is 6259
Number of changes on loop 229 is 6185
Number of changes on loop 230 is 6008
Number of changes on loop 231 is 5923
Number of changes on loop 232 is 5841
Number of changes on loop 233 is 5720
Number of changes on loop 234 is 5604
Number of changes on loop 235 is 5578
Number of changes on loop 236 is 5473
Number of changes on loop 237 is 5411
Number of changes on loop 238 is 5457
Number of changes on loop 239 is 5327
Number of changes on loop 240 is 5237
Number of changes on loop 241 is 5227
Number of changes on loop 242 is 5138
Number of changes on loop 243 is 5103
Number of changes on loop 244 is 5005
Number of changes on loop 245 is 4879
Number of changes on loop 246 is 4747
Number of changes on loop 247 is 4639
Number of changes on loop 248 is 4594
Number of changes on loop 249 is 4478
Number of changes on loop 250 is 4396
Number of changes on loop 251 is 4311
Number of changes on loop 252 is 4216
Number of changes on loop 253 is 4159
Number of changes on loop 254 is 4129
Number of changes on loop 255 is 4082
Number of changes on loop 256 is 4052
Number of changes on loop 257 is 4036
Number of changes on loop 258 is 4050
Number of changes on loop 259 is 3950
Number of changes on loop 260 is 3866
Number of changes on loop 261 is 3763
Number of changes on loop 262 is 3673
Number of changes on loop 263 is 3530
Number of changes on loop 264 is 3425
Number of changes on loop 265 is 3420
Number of changes on loop 266 is 3391
Number of changes on loop 267 is 3391
Number of changes on loop 268 is 3344
Number of changes on loop 269 is 3285
Number of changes on loop 270 is 3225
Number of changes on loop 271 is 3279
Number of changes on loop 272 is 3239
Number of changes on loop 273 is 3192
Number of changes on loop 274 is 3136
Number of changes on loop 275 is 3087
Number of changes on loop 276 is 2961
Number of changes on loop 277 is 2945
Number of changes on loop 278 is 2927
Number of changes on loop 279 is 2860
Number of changes on loop 280 is 2763
Number of changes on loop 281 is 2684
Number of changes on loop 282 is 2616
Number of changes on loop 283 is 2550
Number of changes on loop 284 is 2510
Number of changes on loop 285 is 2498
Number of changes on loop 286 is 2482
Number of changes on loop 287 is 2481
Number of changes on loop 288 is 2441
Number of changes on loop 289 is 2392
Number of changes on loop 290 is 2413
Number of changes on loop 291 is 2366
Number of changes on loop 292 is 2345
Number of changes on loop 293 is 2294
Number of changes on loop 294 is 2254
Number of changes on loop 295 is 2258
Number of changes on loop 296 is 2200
Number of changes on loop 297 is 2113
Number of changes on loop 298 is 2038
Number of changes on loop 299 is 2013
Number of changes on loop 300 is 1961
Number of changes on loop 301 is 1943
Number of changes on loop 302 is 1938
Number of changes on loop 303 is 1881
Number of changes on loop 304 is 1848
Number of changes on loop 305 is 1790
Number of changes on loop 306 is 1745
Number of changes on loop 307 is 1646
Number of changes on loop 308 is 1612
Number of changes on loop 309 is 1598
Number of changes on loop 310 is 1576
Number of changes on loop 311 is 1582
Number of changes on loop 312 is 1571
Number of changes on loop 313 is 1547
Number of changes on loop 314 is 1563
Number of changes on loop 315 is 1489
Number of changes on loop 316 is 1444
Number of changes on loop 317 is 1398
Number of changes on loop 318 is 1292
Number of changes on loop 319 is 1280
Number of changes on loop 320 is 1251
Number of changes on loop 321 is 1246
Number of changes on loop 322 is 1218
Number of changes on loop 323 is 1239
Number of changes on loop 324 is 1196
Number of changes on loop 325 is 1161
Number of changes on loop 326 is 1115
Number of changes on loop 327 is 1077
Number of changes on loop 328 is 1046
Number of changes on loop 329 is 1012
Number of changes on loop 330 is 995
Number of changes on loop 331 is 961
Number of changes on loop 332 is 942
Number of changes on loop 333 is 908
Number of changes on loop 334 is 877
Number of changes on loop 335 is 834
Number of changes on loop 336 is 788
Number of changes on loop 337 is 752
Number of changes on loop 338 is 770
Number of changes on loop 339 is 753
Number of changes on loop 340 is 712
Number of changes on loop 341 is 654
Number of changes on loop 342 is 631
Number of changes on loop 343 is 606
Number of changes on loop 344 is 601
Number of changes on loop 345 is 584
Number of changes on loop 346 is 558
Number of changes on loop 347 is 563
Number of changes on loop 348 is 550
Number of changes on loop 349 is 535
Number of changes on loop 350 is 503
Number of changes on loop 351 is 497
Number of changes on loop 352 is 468
Number of changes on loop 353 is 434
Number of changes on loop 354 is 386
Number of changes on loop 355 is 348
Number of changes on loop 356 is 334
Number of changes on loop 357 is 306
Number of changes on loop 358 is 305
Number of changes on loop 359 is 294
Number of changes on loop 360 is 287
Number of changes on loop 361 is 276
Number of changes on loop 362 is 275
Number of changes on loop 363 is 255
Number of changes on loop 364 is 263
Number of changes on loop 365 is 239
Number of changes on loop 366 is 237
Number of changes on loop 367 is 234
Number of changes on loop 368 is 230
Number of changes on loop 369 is 200
Number of changes on loop 370 is 172
Number of changes on loop 371 is 166
Number of changes on loop 372 is 145
Number of changes on loop 373 is 145
Number of changes on loop 374 is 121
Number of changes on loop 375 is 113
Number of changes on loop 376 is 101
Number of changes on loop 377 is 89
Number of changes on loop 378 is 76
Number of changes on loop 379 is 64
Number of changes on loop 380 is 62
Number of changes on loop 381 is 64
Number of changes on loop 382 is 58
Number of changes on loop 383 is 70
Number of changes on loop 384 is 63
Number of changes on loop 385 is 58
Number of changes on loop 386 is 64
Number of changes on loop 387 is 53
Number of changes on loop 388 is 52
Number of changes on loop 389 is 41
Number of changes on loop 390 is 28
Number of changes on loop 391 is 25
Number of changes on loop 392 is 20
Number of changes on loop 393 is 17
Number of changes on loop 394 is 14
Number of changes on loop 395 is 10
Number of changes on loop 396 is 6
Number of changes on loop 397 is 3
Number of changes on loop 398 is 1
Number of changes on loop 399 is 0
Cluster DOES percolate. Cluster number: 28049
Opening file &lt;map.dat&gt;
Writing data ...
...done
File closed
Opening file &lt;map.pgm&gt;
Map has 329 clusters, maximum cluster size is 27501
Displaying the largest 10 clusters
Writing data ...
...done
File closed


ERRORS of command: cd test/v1_instance_8 ; ./percolate

========================================================


OUTPUT of command: cd test/v1_instance_8 ;  chmod +x move.sh


ERRORS of command: cd test/v1_instance_8 ;  chmod +x move.sh

========================================================


OUTPUT of command: cd test/v1_instance_8 ; ./move.sh


ERRORS of command: cd test/v1_instance_8 ; ./move.sh

========================================================


OUTPUT of command: cd test/v1_instance_9 ; ./percolate
Parameters are rho=0.900000, L=250, seed=3333
rho = 0.900000, actual density = 0.899120
Number of changes on loop 1 is 1165
Number of changes on loop 2 is 197
Number of changes on loop 3 is 30
Number of changes on loop 4 is 4
Number of changes on loop 5 is 1
Number of changes on loop 6 is 0
Cluster DOES NOT percolate
Opening file &lt;map.dat&gt;
Writing data ...
...done
File closed
Opening file &lt;map.pgm&gt;
Map has 5140 clusters, maximum cluster size is 7
Displaying the largest 3 clusters
Writing data ...
...done
File closed


ERRORS of command: cd test/v1_instance_9 ; ./percolate

========================================================


OUTPUT of command: cd test/v1_instance_9 ;  chmod +x move.sh


ERRORS of command: cd test/v1_instance_9 ;  chmod +x move.sh

========================================================


OUTPUT of command: cd test/v1_instance_9 ; ./move.sh


ERRORS of command: cd test/v1_instance_9 ; ./move.sh

========================================================


OUTPUT of command: cd test/v1_instance_10 ; ./percolate
Parameters are rho=0.100000, L=2, seed=9999999
rho = 0.100000, actual density = 0.000000
Number of changes on loop 1 is 3
Number of changes on loop 2 is 1
Number of changes on loop 3 is 0
Cluster DOES percolate. Cluster number: 4
Opening file &lt;map.dat&gt;
Writing data ...
...done
File closed
Opening file &lt;map.pgm&gt;
Map has 1 clusters, maximum cluster size is 4
Displaying the largest cluster
Writing data ...
...done
File closed


ERRORS of command: cd test/v1_instance_10 ; ./percolate

========================================================


OUTPUT of command: cd test/v1_instance_10 ;  chmod +x move.sh


ERRORS of command: cd test/v1_instance_10 ;  chmod +x move.sh

========================================================


OUTPUT of command: cd test/v1_instance_10 ; ./move.sh


ERRORS of command: cd test/v1_instance_10 ; ./move.sh

========================================================


OUTPUT of command: make -C test/v2_instance_1
make: Entering directory &apos;/home/blue/Desktop/Edinburgh High Perfomance With Data Science/Programming Skills/B159973-PS-Assessment2/test/v2_instance_1&apos;
gcc -g -Iinclude/ -c src/arralloc.c -o obj/arralloc.o
gcc -g -Iinclude/ -c src/allocs.c -o obj/allocs.o
gcc -g -Iinclude/ -c src/main.c -o obj/main.o
gcc -g -Iinclude/ -c src/file.c -o obj/file.o
gcc -g -Iinclude/ -c src/cluster.c -o obj/cluster.o
gcc -g -Iinclude/ -c src/userInput.c -o obj/userInput.o
gcc -g -Iinclude/ -c src/configuration.c -o obj/configuration.o
gcc -g -Iinclude/ -c src/validation.c -o obj/validation.o
gcc -g -Iinclude/ -c src/map.c -o obj/map.o
gcc -g -Iinclude/ -c src/uni.c -o obj/uni.o
gcc -g obj/arralloc.o obj/allocs.o obj/main.o obj/file.o obj/cluster.o obj/userInput.o obj/configuration.o obj/validation.o obj/map.o obj/uni.o -o bin/percolate -lm
make: Leaving directory &apos;/home/blue/Desktop/Edinburgh High Perfomance With Data Science/Programming Skills/B159973-PS-Assessment2/test/v2_instance_1&apos;


ERRORS of command: make -C test/v2_instance_1

========================================================


OUTPUT of command: make -C test/v2_instance_2
make: Entering directory &apos;/home/blue/Desktop/Edinburgh High Perfomance With Data Science/Programming Skills/B159973-PS-Assessment2/test/v2_instance_2&apos;
gcc -g -Iinclude/ -c src/arralloc.c -o obj/arralloc.o
gcc -g -Iinclude/ -c src/allocs.c -o obj/allocs.o
gcc -g -Iinclude/ -c src/main.c -o obj/main.o
gcc -g -Iinclude/ -c src/file.c -o obj/file.o
gcc -g -Iinclude/ -c src/cluster.c -o obj/cluster.o
gcc -g -Iinclude/ -c src/userInput.c -o obj/userInput.o
gcc -g -Iinclude/ -c src/configuration.c -o obj/configuration.o
gcc -g -Iinclude/ -c src/validation.c -o obj/validation.o
gcc -g -Iinclude/ -c src/map.c -o obj/map.o
gcc -g -Iinclude/ -c src/uni.c -o obj/uni.o
gcc -g obj/arralloc.o obj/allocs.o obj/main.o obj/file.o obj/cluster.o obj/userInput.o obj/configuration.o obj/validation.o obj/map.o obj/uni.o -o bin/percolate -lm
make: Leaving directory &apos;/home/blue/Desktop/Edinburgh High Perfomance With Data Science/Programming Skills/B159973-PS-Assessment2/test/v2_instance_2&apos;


ERRORS of command: make -C test/v2_instance_2

========================================================


OUTPUT of command: make -C test/v2_instance_3
make: Entering directory &apos;/home/blue/Desktop/Edinburgh High Perfomance With Data Science/Programming Skills/B159973-PS-Assessment2/test/v2_instance_3&apos;
gcc -g -Iinclude/ -c src/arralloc.c -o obj/arralloc.o
gcc -g -Iinclude/ -c src/allocs.c -o obj/allocs.o
gcc -g -Iinclude/ -c src/main.c -o obj/main.o
gcc -g -Iinclude/ -c src/file.c -o obj/file.o
gcc -g -Iinclude/ -c src/cluster.c -o obj/cluster.o
gcc -g -Iinclude/ -c src/userInput.c -o obj/userInput.o
gcc -g -Iinclude/ -c src/configuration.c -o obj/configuration.o
gcc -g -Iinclude/ -c src/validation.c -o obj/validation.o
gcc -g -Iinclude/ -c src/map.c -o obj/map.o
gcc -g -Iinclude/ -c src/uni.c -o obj/uni.o
gcc -g obj/arralloc.o obj/allocs.o obj/main.o obj/file.o obj/cluster.o obj/userInput.o obj/configuration.o obj/validation.o obj/map.o obj/uni.o -o bin/percolate -lm
make: Leaving directory &apos;/home/blue/Desktop/Edinburgh High Perfomance With Data Science/Programming Skills/B159973-PS-Assessment2/test/v2_instance_3&apos;


ERRORS of command: make -C test/v2_instance_3

========================================================


OUTPUT of command: make -C test/v2_instance_4
make: Entering directory &apos;/home/blue/Desktop/Edinburgh High Perfomance With Data Science/Programming Skills/B159973-PS-Assessment2/test/v2_instance_4&apos;
gcc -g -Iinclude/ -c src/arralloc.c -o obj/arralloc.o
gcc -g -Iinclude/ -c src/allocs.c -o obj/allocs.o
gcc -g -Iinclude/ -c src/main.c -o obj/main.o
gcc -g -Iinclude/ -c src/file.c -o obj/file.o
gcc -g -Iinclude/ -c src/cluster.c -o obj/cluster.o
gcc -g -Iinclude/ -c src/userInput.c -o obj/userInput.o
gcc -g -Iinclude/ -c src/configuration.c -o obj/configuration.o
gcc -g -Iinclude/ -c src/validation.c -o obj/validation.o
gcc -g -Iinclude/ -c src/map.c -o obj/map.o
gcc -g -Iinclude/ -c src/uni.c -o obj/uni.o
gcc -g obj/arralloc.o obj/allocs.o obj/main.o obj/file.o obj/cluster.o obj/userInput.o obj/configuration.o obj/validation.o obj/map.o obj/uni.o -o bin/percolate -lm
make: Leaving directory &apos;/home/blue/Desktop/Edinburgh High Perfomance With Data Science/Programming Skills/B159973-PS-Assessment2/test/v2_instance_4&apos;


ERRORS of command: make -C test/v2_instance_4

========================================================


OUTPUT of command: make -C test/v2_instance_5
make: Entering directory &apos;/home/blue/Desktop/Edinburgh High Perfomance With Data Science/Programming Skills/B159973-PS-Assessment2/test/v2_instance_5&apos;
gcc -g -Iinclude/ -c src/arralloc.c -o obj/arralloc.o
gcc -g -Iinclude/ -c src/allocs.c -o obj/allocs.o
gcc -g -Iinclude/ -c src/main.c -o obj/main.o
gcc -g -Iinclude/ -c src/file.c -o obj/file.o
gcc -g -Iinclude/ -c src/cluster.c -o obj/cluster.o
gcc -g -Iinclude/ -c src/userInput.c -o obj/userInput.o
gcc -g -Iinclude/ -c src/configuration.c -o obj/configuration.o
gcc -g -Iinclude/ -c src/validation.c -o obj/validation.o
gcc -g -Iinclude/ -c src/map.c -o obj/map.o
gcc -g -Iinclude/ -c src/uni.c -o obj/uni.o
gcc -g obj/arralloc.o obj/allocs.o obj/main.o obj/file.o obj/cluster.o obj/userInput.o obj/configuration.o obj/validation.o obj/map.o obj/uni.o -o bin/percolate -lm
make: Leaving directory &apos;/home/blue/Desktop/Edinburgh High Perfomance With Data Science/Programming Skills/B159973-PS-Assessment2/test/v2_instance_5&apos;


ERRORS of command: make -C test/v2_instance_5

========================================================


OUTPUT of command: make -C test/v2_instance_6
make: Entering directory &apos;/home/blue/Desktop/Edinburgh High Perfomance With Data Science/Programming Skills/B159973-PS-Assessment2/test/v2_instance_6&apos;
gcc -g -Iinclude/ -c src/arralloc.c -o obj/arralloc.o
gcc -g -Iinclude/ -c src/allocs.c -o obj/allocs.o
gcc -g -Iinclude/ -c src/main.c -o obj/main.o
gcc -g -Iinclude/ -c src/file.c -o obj/file.o
gcc -g -Iinclude/ -c src/cluster.c -o obj/cluster.o
gcc -g -Iinclude/ -c src/userInput.c -o obj/userInput.o
gcc -g -Iinclude/ -c src/configuration.c -o obj/configuration.o
gcc -g -Iinclude/ -c src/validation.c -o obj/validation.o
gcc -g -Iinclude/ -c src/map.c -o obj/map.o
gcc -g -Iinclude/ -c src/uni.c -o obj/uni.o
gcc -g obj/arralloc.o obj/allocs.o obj/main.o obj/file.o obj/cluster.o obj/userInput.o obj/configuration.o obj/validation.o obj/map.o obj/uni.o -o bin/percolate -lm
make: Leaving directory &apos;/home/blue/Desktop/Edinburgh High Perfomance With Data Science/Programming Skills/B159973-PS-Assessment2/test/v2_instance_6&apos;


ERRORS of command: make -C test/v2_instance_6

========================================================


OUTPUT of command: make -C test/v2_instance_7
make: Entering directory &apos;/home/blue/Desktop/Edinburgh High Perfomance With Data Science/Programming Skills/B159973-PS-Assessment2/test/v2_instance_7&apos;
gcc -g -Iinclude/ -c src/arralloc.c -o obj/arralloc.o
gcc -g -Iinclude/ -c src/allocs.c -o obj/allocs.o
gcc -g -Iinclude/ -c src/main.c -o obj/main.o
gcc -g -Iinclude/ -c src/file.c -o obj/file.o
gcc -g -Iinclude/ -c src/cluster.c -o obj/cluster.o
gcc -g -Iinclude/ -c src/userInput.c -o obj/userInput.o
gcc -g -Iinclude/ -c src/configuration.c -o obj/configuration.o
gcc -g -Iinclude/ -c src/validation.c -o obj/validation.o
gcc -g -Iinclude/ -c src/map.c -o obj/map.o
gcc -g -Iinclude/ -c src/uni.c -o obj/uni.o
gcc -g obj/arralloc.o obj/allocs.o obj/main.o obj/file.o obj/cluster.o obj/userInput.o obj/configuration.o obj/validation.o obj/map.o obj/uni.o -o bin/percolate -lm
make: Leaving directory &apos;/home/blue/Desktop/Edinburgh High Perfomance With Data Science/Programming Skills/B159973-PS-Assessment2/test/v2_instance_7&apos;


ERRORS of command: make -C test/v2_instance_7

========================================================


OUTPUT of command: make -C test/v2_instance_8
make: Entering directory &apos;/home/blue/Desktop/Edinburgh High Perfomance With Data Science/Programming Skills/B159973-PS-Assessment2/test/v2_instance_8&apos;
gcc -g -Iinclude/ -c src/arralloc.c -o obj/arralloc.o
gcc -g -Iinclude/ -c src/allocs.c -o obj/allocs.o
gcc -g -Iinclude/ -c src/main.c -o obj/main.o
gcc -g -Iinclude/ -c src/file.c -o obj/file.o
gcc -g -Iinclude/ -c src/cluster.c -o obj/cluster.o
gcc -g -Iinclude/ -c src/userInput.c -o obj/userInput.o
gcc -g -Iinclude/ -c src/configuration.c -o obj/configuration.o
gcc -g -Iinclude/ -c src/validation.c -o obj/validation.o
gcc -g -Iinclude/ -c src/map.c -o obj/map.o
gcc -g -Iinclude/ -c src/uni.c -o obj/uni.o
gcc -g obj/arralloc.o obj/allocs.o obj/main.o obj/file.o obj/cluster.o obj/userInput.o obj/configuration.o obj/validation.o obj/map.o obj/uni.o -o bin/percolate -lm
make: Leaving directory &apos;/home/blue/Desktop/Edinburgh High Perfomance With Data Science/Programming Skills/B159973-PS-Assessment2/test/v2_instance_8&apos;


ERRORS of command: make -C test/v2_instance_8

========================================================


OUTPUT of command: make -C test/v2_instance_9
make: Entering directory &apos;/home/blue/Desktop/Edinburgh High Perfomance With Data Science/Programming Skills/B159973-PS-Assessment2/test/v2_instance_9&apos;
gcc -g -Iinclude/ -c src/arralloc.c -o obj/arralloc.o
gcc -g -Iinclude/ -c src/allocs.c -o obj/allocs.o
gcc -g -Iinclude/ -c src/main.c -o obj/main.o
gcc -g -Iinclude/ -c src/file.c -o obj/file.o
gcc -g -Iinclude/ -c src/cluster.c -o obj/cluster.o
gcc -g -Iinclude/ -c src/userInput.c -o obj/userInput.o
gcc -g -Iinclude/ -c src/configuration.c -o obj/configuration.o
gcc -g -Iinclude/ -c src/validation.c -o obj/validation.o
gcc -g -Iinclude/ -c src/map.c -o obj/map.o
gcc -g -Iinclude/ -c src/uni.c -o obj/uni.o
gcc -g obj/arralloc.o obj/allocs.o obj/main.o obj/file.o obj/cluster.o obj/userInput.o obj/configuration.o obj/validation.o obj/map.o obj/uni.o -o bin/percolate -lm
make: Leaving directory &apos;/home/blue/Desktop/Edinburgh High Perfomance With Data Science/Programming Skills/B159973-PS-Assessment2/test/v2_instance_9&apos;


ERRORS of command: make -C test/v2_instance_9

========================================================


OUTPUT of command: make -C test/v2_instance_10
make: Entering directory &apos;/home/blue/Desktop/Edinburgh High Perfomance With Data Science/Programming Skills/B159973-PS-Assessment2/test/v2_instance_10&apos;
gcc -g -Iinclude/ -c src/arralloc.c -o obj/arralloc.o
gcc -g -Iinclude/ -c src/allocs.c -o obj/allocs.o
gcc -g -Iinclude/ -c src/main.c -o obj/main.o
gcc -g -Iinclude/ -c src/file.c -o obj/file.o
gcc -g -Iinclude/ -c src/cluster.c -o obj/cluster.o
gcc -g -Iinclude/ -c src/userInput.c -o obj/userInput.o
gcc -g -Iinclude/ -c src/configuration.c -o obj/configuration.o
gcc -g -Iinclude/ -c src/validation.c -o obj/validation.o
gcc -g -Iinclude/ -c src/map.c -o obj/map.o
gcc -g -Iinclude/ -c src/uni.c -o obj/uni.o
gcc -g obj/arralloc.o obj/allocs.o obj/main.o obj/file.o obj/cluster.o obj/userInput.o obj/configuration.o obj/validation.o obj/map.o obj/uni.o -o bin/percolate -lm
make: Leaving directory &apos;/home/blue/Desktop/Edinburgh High Perfomance With Data Science/Programming Skills/B159973-PS-Assessment2/test/v2_instance_10&apos;


ERRORS of command: make -C test/v2_instance_10

========================================================


OUTPUT of command: cd test/v2_instance_1/bin ;  chmod +x ./run.sh


ERRORS of command: cd test/v2_instance_1/bin ;  chmod +x ./run.sh

========================================================


OUTPUT of command: cd test/v2_instance_1/bin ; ./run.sh
Parameters are rho=0.400000, L=20, seed=1564
rho = 0.400000, actual density = 0.425000
Number of changes on loop 1 is 199
Number of changes on loop 2 is 170
Number of changes on loop 3 is 149
Number of changes on loop 4 is 132
Number of changes on loop 5 is 118
Number of changes on loop 6 is 113
Number of changes on loop 7 is 78
Number of changes on loop 8 is 64
Number of changes on loop 9 is 63
Number of changes on loop 10 is 58
Number of changes on loop 11 is 54
Number of changes on loop 12 is 48
Number of changes on loop 13 is 40
Number of changes on loop 14 is 38
Number of changes on loop 15 is 30
Number of changes on loop 16 is 28
Number of changes on loop 17 is 25
Number of changes on loop 18 is 22
Number of changes on loop 19 is 11
Number of changes on loop 20 is 2
Number of changes on loop 21 is 0
Cluster DOES percolate. Cluster number: 225
Opening file &lt;map.dat&gt;
Writing the map inside the file map.dat file... Please wait
Write successful.
File closed
Map has 21 clusters, maximum cluster size is 121
Displaying all clusters
Opening file &lt;map.pgm&gt;
Writing data inside the map.pgm file...
File closed
Operation finished. 


ERRORS of command: cd test/v2_instance_1/bin ; ./run.sh

========================================================


OUTPUT of command: cd test/v2_instance_1 ;  chmod +x move.sh


ERRORS of command: cd test/v2_instance_1 ;  chmod +x move.sh

========================================================


OUTPUT of command: cd test/v2_instance_1 ; ./move.sh


ERRORS of command: cd test/v2_instance_1 ; ./move.sh
mv: cannot stat &apos;bin/stdout&apos;: No such file or directory

========================================================


OUTPUT of command: cd test/v2_instance_2/bin ;  chmod +x ./run.sh


ERRORS of command: cd test/v2_instance_2/bin ;  chmod +x ./run.sh

========================================================


OUTPUT of command: cd test/v2_instance_2/bin ; ./run.sh
Parameters are rho=0.100000, L=1, seed=1
rho = 0.100000, actual density = 0.000000
Number of changes on loop 1 is 0
Cluster DOES percolate. Cluster number: 1
Opening file &lt;map.dat&gt;
Writing the map inside the file map.dat file... Please wait
Write successful.
File closed
Map has 1 clusters, maximum cluster size is 1
Displaying the largest cluster
Opening file &lt;map.pgm&gt;
Writing data inside the map.pgm file...
File closed
Operation finished. 


ERRORS of command: cd test/v2_instance_2/bin ; ./run.sh

========================================================


OUTPUT of command: cd test/v2_instance_2 ;  chmod +x move.sh


ERRORS of command: cd test/v2_instance_2 ;  chmod +x move.sh

========================================================


OUTPUT of command: cd test/v2_instance_2 ; ./move.sh


ERRORS of command: cd test/v2_instance_2 ; ./move.sh
mv: cannot stat &apos;bin/stdout&apos;: No such file or directory

========================================================


OUTPUT of command: cd test/v2_instance_3/bin ;  chmod +x ./run.sh


ERRORS of command: cd test/v2_instance_3/bin ;  chmod +x ./run.sh

========================================================


OUTPUT of command: cd test/v2_instance_3/bin ; ./run.sh
Parameters are rho=0.500000, L=100, seed=10000000
rho = 0.500000, actual density = 0.501600
Number of changes on loop 1 is 4088
Number of changes on loop 2 is 3295
Number of changes on loop 3 is 2748
Number of changes on loop 4 is 2329
Number of changes on loop 5 is 2010
Number of changes on loop 6 is 1734
Number of changes on loop 7 is 1487
Number of changes on loop 8 is 1251
Number of changes on loop 9 is 1102
Number of changes on loop 10 is 998
Number of changes on loop 11 is 939
Number of changes on loop 12 is 884
Number of changes on loop 13 is 820
Number of changes on loop 14 is 736
Number of changes on loop 15 is 702
Number of changes on loop 16 is 666
Number of changes on loop 17 is 577
Number of changes on loop 18 is 505
Number of changes on loop 19 is 454
Number of changes on loop 20 is 401
Number of changes on loop 21 is 350
Number of changes on loop 22 is 314
Number of changes on loop 23 is 294
Number of changes on loop 24 is 278
Number of changes on loop 25 is 223
Number of changes on loop 26 is 186
Number of changes on loop 27 is 148
Number of changes on loop 28 is 111
Number of changes on loop 29 is 86
Number of changes on loop 30 is 68
Number of changes on loop 31 is 47
Number of changes on loop 32 is 39
Number of changes on loop 33 is 31
Number of changes on loop 34 is 19
Number of changes on loop 35 is 10
Number of changes on loop 36 is 3
Number of changes on loop 37 is 0
Cluster DOES NOT percolate
Opening file &lt;map.dat&gt;
Writing the map inside the file map.dat file... Please wait
Write successful.
File closed
Map has 743 clusters, maximum cluster size is 296
Displaying the largest 10 clusters
Opening file &lt;map.pgm&gt;
Writing data inside the map.pgm file...
File closed
Operation finished. 


ERRORS of command: cd test/v2_instance_3/bin ; ./run.sh

========================================================


OUTPUT of command: cd test/v2_instance_3 ;  chmod +x move.sh


ERRORS of command: cd test/v2_instance_3 ;  chmod +x move.sh

========================================================


OUTPUT of command: cd test/v2_instance_3 ; ./move.sh


ERRORS of command: cd test/v2_instance_3 ; ./move.sh
mv: cannot stat &apos;bin/stdout&apos;: No such file or directory

========================================================


OUTPUT of command: cd test/v2_instance_4/bin ;  chmod +x ./run.sh


ERRORS of command: cd test/v2_instance_4/bin ;  chmod +x ./run.sh

========================================================


OUTPUT of command: cd test/v2_instance_4/bin ; ./run.sh
Parameters are rho=1.000000, L=200, seed=1000
rho = 1.000000, actual density = 1.000000
Number of changes on loop 1 is 0
Cluster DOES NOT percolate
Opening file &lt;map.dat&gt;
Writing the map inside the file map.dat file... Please wait
Write successful.
File closed
Map has 0 clusters, maximum cluster size is 0
Displaying all clusters
Opening file &lt;map.pgm&gt;
Writing data inside the map.pgm file...
File closed
Operation finished. 


ERRORS of command: cd test/v2_instance_4/bin ; ./run.sh

========================================================


OUTPUT of command: cd test/v2_instance_4 ;  chmod +x move.sh


ERRORS of command: cd test/v2_instance_4 ;  chmod +x move.sh

========================================================


OUTPUT of command: cd test/v2_instance_4 ; ./move.sh


ERRORS of command: cd test/v2_instance_4 ; ./move.sh
mv: cannot stat &apos;bin/stdout&apos;: No such file or directory

========================================================


OUTPUT of command: cd test/v2_instance_5/bin ;  chmod +x ./run.sh


ERRORS of command: cd test/v2_instance_5/bin ;  chmod +x ./run.sh

========================================================


OUTPUT of command: cd test/v2_instance_5/bin ; ./run.sh
Parameters are rho=0.000000, L=100, seed=10
rho = 0.000000, actual density = 0.000000
Number of changes on loop 1 is 9999
Number of changes on loop 2 is 9997
Number of changes on loop 3 is 9994
Number of changes on loop 4 is 9990
Number of changes on loop 5 is 9985
Number of changes on loop 6 is 9979
Number of changes on loop 7 is 9972
Number of changes on loop 8 is 9964
Number of changes on loop 9 is 9955
Number of changes on loop 10 is 9945
Number of changes on loop 11 is 9934
Number of changes on loop 12 is 9922
Number of changes on loop 13 is 9909
Number of changes on loop 14 is 9895
Number of changes on loop 15 is 9880
Number of changes on loop 16 is 9864
Number of changes on loop 17 is 9847
Number of changes on loop 18 is 9829
Number of changes on loop 19 is 9810
Number of changes on loop 20 is 9790
Number of changes on loop 21 is 9769
Number of changes on loop 22 is 9747
Number of changes on loop 23 is 9724
Number of changes on loop 24 is 9700
Number of changes on loop 25 is 9675
Number of changes on loop 26 is 9649
Number of changes on loop 27 is 9622
Number of changes on loop 28 is 9594
Number of changes on loop 29 is 9565
Number of changes on loop 30 is 9535
Number of changes on loop 31 is 9504
Number of changes on loop 32 is 9472
Number of changes on loop 33 is 9439
Number of changes on loop 34 is 9405
Number of changes on loop 35 is 9370
Number of changes on loop 36 is 9334
Number of changes on loop 37 is 9297
Number of changes on loop 38 is 9259
Number of changes on loop 39 is 9220
Number of changes on loop 40 is 9180
Number of changes on loop 41 is 9139
Number of changes on loop 42 is 9097
Number of changes on loop 43 is 9054
Number of changes on loop 44 is 9010
Number of changes on loop 45 is 8965
Number of changes on loop 46 is 8919
Number of changes on loop 47 is 8872
Number of changes on loop 48 is 8824
Number of changes on loop 49 is 8775
Number of changes on loop 50 is 8725
Number of changes on loop 51 is 8674
Number of changes on loop 52 is 8622
Number of changes on loop 53 is 8569
Number of changes on loop 54 is 8515
Number of changes on loop 55 is 8460
Number of changes on loop 56 is 8404
Number of changes on loop 57 is 8347
Number of changes on loop 58 is 8289
Number of changes on loop 59 is 8230
Number of changes on loop 60 is 8170
Number of changes on loop 61 is 8109
Number of changes on loop 62 is 8047
Number of changes on loop 63 is 7984
Number of changes on loop 64 is 7920
Number of changes on loop 65 is 7855
Number of changes on loop 66 is 7789
Number of changes on loop 67 is 7722
Number of changes on loop 68 is 7654
Number of changes on loop 69 is 7585
Number of changes on loop 70 is 7515
Number of changes on loop 71 is 7444
Number of changes on loop 72 is 7372
Number of changes on loop 73 is 7299
Number of changes on loop 74 is 7225
Number of changes on loop 75 is 7150
Number of changes on loop 76 is 7074
Number of changes on loop 77 is 6997
Number of changes on loop 78 is 6919
Number of changes on loop 79 is 6840
Number of changes on loop 80 is 6760
Number of changes on loop 81 is 6679
Number of changes on loop 82 is 6597
Number of changes on loop 83 is 6514
Number of changes on loop 84 is 6430
Number of changes on loop 85 is 6345
Number of changes on loop 86 is 6259
Number of changes on loop 87 is 6172
Number of changes on loop 88 is 6084
Number of changes on loop 89 is 5995
Number of changes on loop 90 is 5905
Number of changes on loop 91 is 5814
Number of changes on loop 92 is 5722
Number of changes on loop 93 is 5629
Number of changes on loop 94 is 5535
Number of changes on loop 95 is 5440
Number of changes on loop 96 is 5344
Number of changes on loop 97 is 5247
Number of changes on loop 98 is 5149
Number of changes on loop 99 is 5050
Number of changes on loop 100 is 4950
Number of changes on loop 101 is 4851
Number of changes on loop 102 is 4753
Number of changes on loop 103 is 4656
Number of changes on loop 104 is 4560
Number of changes on loop 105 is 4465
Number of changes on loop 106 is 4371
Number of changes on loop 107 is 4278
Number of changes on loop 108 is 4186
Number of changes on loop 109 is 4095
Number of changes on loop 110 is 4005
Number of changes on loop 111 is 3916
Number of changes on loop 112 is 3828
Number of changes on loop 113 is 3741
Number of changes on loop 114 is 3655
Number of changes on loop 115 is 3570
Number of changes on loop 116 is 3486
Number of changes on loop 117 is 3403
Number of changes on loop 118 is 3321
Number of changes on loop 119 is 3240
Number of changes on loop 120 is 3160
Number of changes on loop 121 is 3081
Number of changes on loop 122 is 3003
Number of changes on loop 123 is 2926
Number of changes on loop 124 is 2850
Number of changes on loop 125 is 2775
Number of changes on loop 126 is 2701
Number of changes on loop 127 is 2628
Number of changes on loop 128 is 2556
Number of changes on loop 129 is 2485
Number of changes on loop 130 is 2415
Number of changes on loop 131 is 2346
Number of changes on loop 132 is 2278
Number of changes on loop 133 is 2211
Number of changes on loop 134 is 2145
Number of changes on loop 135 is 2080
Number of changes on loop 136 is 2016
Number of changes on loop 137 is 1953
Number of changes on loop 138 is 1891
Number of changes on loop 139 is 1830
Number of changes on loop 140 is 1770
Number of changes on loop 141 is 1711
Number of changes on loop 142 is 1653
Number of changes on loop 143 is 1596
Number of changes on loop 144 is 1540
Number of changes on loop 145 is 1485
Number of changes on loop 146 is 1431
Number of changes on loop 147 is 1378
Number of changes on loop 148 is 1326
Number of changes on loop 149 is 1275
Number of changes on loop 150 is 1225
Number of changes on loop 151 is 1176
Number of changes on loop 152 is 1128
Number of changes on loop 153 is 1081
Number of changes on loop 154 is 1035
Number of changes on loop 155 is 990
Number of changes on loop 156 is 946
Number of changes on loop 157 is 903
Number of changes on loop 158 is 861
Number of changes on loop 159 is 820
Number of changes on loop 160 is 780
Number of changes on loop 161 is 741
Number of changes on loop 162 is 703
Number of changes on loop 163 is 666
Number of changes on loop 164 is 630
Number of changes on loop 165 is 595
Number of changes on loop 166 is 561
Number of changes on loop 167 is 528
Number of changes on loop 168 is 496
Number of changes on loop 169 is 465
Number of changes on loop 170 is 435
Number of changes on loop 171 is 406
Number of changes on loop 172 is 378
Number of changes on loop 173 is 351
Number of changes on loop 174 is 325
Number of changes on loop 175 is 300
Number of changes on loop 176 is 276
Number of changes on loop 177 is 253
Number of changes on loop 178 is 231
Number of changes on loop 179 is 210
Number of changes on loop 180 is 190
Number of changes on loop 181 is 171
Number of changes on loop 182 is 153
Number of changes on loop 183 is 136
Number of changes on loop 184 is 120
Number of changes on loop 185 is 105
Number of changes on loop 186 is 91
Number of changes on loop 187 is 78
Number of changes on loop 188 is 66
Number of changes on loop 189 is 55
Number of changes on loop 190 is 45
Number of changes on loop 191 is 36
Number of changes on loop 192 is 28
Number of changes on loop 193 is 21
Number of changes on loop 194 is 15
Number of changes on loop 195 is 10
Number of changes on loop 196 is 6
Number of changes on loop 197 is 3
Number of changes on loop 198 is 1
Number of changes on loop 199 is 0
Cluster DOES percolate. Cluster number: 10000
Opening file &lt;map.dat&gt;
Writing the map inside the file map.dat file... Please wait
Write successful.
File closed
Map has 1 clusters, maximum cluster size is 10000
Displaying the largest cluster
Opening file &lt;map.pgm&gt;
Writing data inside the map.pgm file...
File closed
Operation finished. 


ERRORS of command: cd test/v2_instance_5/bin ; ./run.sh

========================================================


OUTPUT of command: cd test/v2_instance_5 ;  chmod +x move.sh


ERRORS of command: cd test/v2_instance_5 ;  chmod +x move.sh

========================================================


OUTPUT of command: cd test/v2_instance_5 ; ./move.sh


ERRORS of command: cd test/v2_instance_5 ; ./move.sh
mv: cannot stat &apos;bin/stdout&apos;: No such file or directory

========================================================


OUTPUT of command: cd test/v2_instance_6/bin ;  chmod +x ./run.sh


ERRORS of command: cd test/v2_instance_6/bin ;  chmod +x ./run.sh

========================================================


OUTPUT of command: cd test/v2_instance_6/bin ; ./run.sh
Parameters are rho=0.500000, L=1000, seed=5
rho = 0.500000, actual density = 0.499606
Number of changes on loop 1 is 416932
Number of changes on loop 2 is 345843
Number of changes on loop 3 is 296728
Number of changes on loop 4 is 257800
Number of changes on loop 5 is 225509
Number of changes on loop 6 is 198132
Number of changes on loop 7 is 174797
Number of changes on loop 8 is 154601
Number of changes on loop 9 is 136632
Number of changes on loop 10 is 121078
Number of changes on loop 11 is 107909
Number of changes on loop 12 is 96191
Number of changes on loop 13 is 86207
Number of changes on loop 14 is 77285
Number of changes on loop 15 is 69627
Number of changes on loop 16 is 62346
Number of changes on loop 17 is 56217
Number of changes on loop 18 is 50737
Number of changes on loop 19 is 45578
Number of changes on loop 20 is 41000
Number of changes on loop 21 is 36965
Number of changes on loop 22 is 33171
Number of changes on loop 23 is 29808
Number of changes on loop 24 is 27028
Number of changes on loop 25 is 24501
Number of changes on loop 26 is 22100
Number of changes on loop 27 is 20010
Number of changes on loop 28 is 18195
Number of changes on loop 29 is 16521
Number of changes on loop 30 is 14971
Number of changes on loop 31 is 13524
Number of changes on loop 32 is 12079
Number of changes on loop 33 is 10867
Number of changes on loop 34 is 9650
Number of changes on loop 35 is 8722
Number of changes on loop 36 is 7921
Number of changes on loop 37 is 6960
Number of changes on loop 38 is 6187
Number of changes on loop 39 is 5665
Number of changes on loop 40 is 5136
Number of changes on loop 41 is 4616
Number of changes on loop 42 is 4179
Number of changes on loop 43 is 3755
Number of changes on loop 44 is 3351
Number of changes on loop 45 is 2950
Number of changes on loop 46 is 2582
Number of changes on loop 47 is 2378
Number of changes on loop 48 is 2189
Number of changes on loop 49 is 2062
Number of changes on loop 50 is 1827
Number of changes on loop 51 is 1736
Number of changes on loop 52 is 1608
Number of changes on loop 53 is 1449
Number of changes on loop 54 is 1333
Number of changes on loop 55 is 1187
Number of changes on loop 56 is 1088
Number of changes on loop 57 is 990
Number of changes on loop 58 is 936
Number of changes on loop 59 is 886
Number of changes on loop 60 is 819
Number of changes on loop 61 is 770
Number of changes on loop 62 is 729
Number of changes on loop 63 is 694
Number of changes on loop 64 is 639
Number of changes on loop 65 is 593
Number of changes on loop 66 is 578
Number of changes on loop 67 is 555
Number of changes on loop 68 is 525
Number of changes on loop 69 is 505
Number of changes on loop 70 is 474
Number of changes on loop 71 is 452
Number of changes on loop 72 is 454
Number of changes on loop 73 is 426
Number of changes on loop 74 is 381
Number of changes on loop 75 is 362
Number of changes on loop 76 is 315
Number of changes on loop 77 is 305
Number of changes on loop 78 is 282
Number of changes on loop 79 is 275
Number of changes on loop 80 is 267
Number of changes on loop 81 is 259
Number of changes on loop 82 is 246
Number of changes on loop 83 is 232
Number of changes on loop 84 is 208
Number of changes on loop 85 is 193
Number of changes on loop 86 is 186
Number of changes on loop 87 is 173
Number of changes on loop 88 is 160
Number of changes on loop 89 is 152
Number of changes on loop 90 is 150
Number of changes on loop 91 is 141
Number of changes on loop 92 is 135
Number of changes on loop 93 is 134
Number of changes on loop 94 is 130
Number of changes on loop 95 is 127
Number of changes on loop 96 is 111
Number of changes on loop 97 is 117
Number of changes on loop 98 is 118
Number of changes on loop 99 is 109
Number of changes on loop 100 is 82
Number of changes on loop 101 is 72
Number of changes on loop 102 is 65
Number of changes on loop 103 is 56
Number of changes on loop 104 is 37
Number of changes on loop 105 is 21
Number of changes on loop 106 is 13
Number of changes on loop 107 is 8
Number of changes on loop 108 is 3
Number of changes on loop 109 is 0
Cluster DOES NOT percolate
Opening file &lt;map.dat&gt;
Writing the map inside the file map.dat file... Please wait
Write successful.
File closed
Map has 65737 clusters, maximum cluster size is 567
Displaying the largest 100 clusters
Opening file &lt;map.pgm&gt;
Writing data inside the map.pgm file...
File closed
Operation finished. 


ERRORS of command: cd test/v2_instance_6/bin ; ./run.sh

========================================================


OUTPUT of command: cd test/v2_instance_6 ;  chmod +x move.sh


ERRORS of command: cd test/v2_instance_6 ;  chmod +x move.sh

========================================================


OUTPUT of command: cd test/v2_instance_6 ; ./move.sh


ERRORS of command: cd test/v2_instance_6 ; ./move.sh
mv: cannot stat &apos;bin/stdout&apos;: No such file or directory

========================================================


OUTPUT of command: cd test/v2_instance_7/bin ;  chmod +x ./run.sh


ERRORS of command: cd test/v2_instance_7/bin ;  chmod +x ./run.sh

========================================================


OUTPUT of command: cd test/v2_instance_7/bin ; ./run.sh
Parameters are rho=0.550000, L=500, seed=555
rho = 0.550000, actual density = 0.549560
Number of changes on loop 1 is 87520
Number of changes on loop 2 is 66846
Number of changes on loop 3 is 52701
Number of changes on loop 4 is 42331
Number of changes on loop 5 is 34137
Number of changes on loop 6 is 27514
Number of changes on loop 7 is 22129
Number of changes on loop 8 is 18084
Number of changes on loop 9 is 14836
Number of changes on loop 10 is 12173
Number of changes on loop 11 is 10066
Number of changes on loop 12 is 8236
Number of changes on loop 13 is 6873
Number of changes on loop 14 is 5650
Number of changes on loop 15 is 4631
Number of changes on loop 16 is 3867
Number of changes on loop 17 is 3248
Number of changes on loop 18 is 2708
Number of changes on loop 19 is 2273
Number of changes on loop 20 is 1880
Number of changes on loop 21 is 1565
Number of changes on loop 22 is 1320
Number of changes on loop 23 is 1081
Number of changes on loop 24 is 898
Number of changes on loop 25 is 753
Number of changes on loop 26 is 625
Number of changes on loop 27 is 492
Number of changes on loop 28 is 384
Number of changes on loop 29 is 307
Number of changes on loop 30 is 233
Number of changes on loop 31 is 170
Number of changes on loop 32 is 142
Number of changes on loop 33 is 121
Number of changes on loop 34 is 119
Number of changes on loop 35 is 101
Number of changes on loop 36 is 110
Number of changes on loop 37 is 98
Number of changes on loop 38 is 79
[...]
Number of changes on loop 291 is 2366
Number of changes on loop 292 is 2345
Number of changes on loop 293 is 2294
Number of changes on loop 294 is 2254
Number of changes on loop 295 is 2258
Number of changes on loop 296 is 2200
Number of changes on loop 297 is 2113
Number of changes on loop 298 is 2038
Number of changes on loop 299 is 2013
Number of changes on loop 300 is 1961
Number of changes on loop 301 is 1943
Number of changes on loop 302 is 1938
Number of changes on loop 303 is 1881
Number of changes on loop 304 is 1848
Number of changes on loop 305 is 1790
Number of changes on loop 306 is 1745
Number of changes on loop 307 is 1646
Number of changes on loop 308 is 1612
Number of changes on loop 309 is 1598
Number of changes on loop 310 is 1576
Number of changes on loop 311 is 1582
Number of changes on loop 312 is 1571
Number of changes on loop 313 is 1547
Number of changes on loop 314 is 1563
Number of changes on loop 315 is 1489
Number of changes on loop 316 is 1444
Number of changes on loop 317 is 1398
Number of changes on loop 318 is 1292
Number of changes on loop 319 is 1280
Number of changes on loop 320 is 1251
Number of changes on loop 321 is 1246
Number of changes on loop 322 is 1218
Number of changes on loop 323 is 1239
Number of changes on loop 324 is 1196
Number of changes on loop 325 is 1161
Number of changes on loop 326 is 1115
Number of changes on loop 327 is 1077
Number of changes on loop 328 is 1046
Number of changes on loop 329 is 1012
Number of changes on loop 330 is 995
Number of changes on loop 331 is 961
Number of changes on loop 332 is 942
Number of changes on loop 333 is 908
Number of changes on loop 334 is 877
Number of changes on loop 335 is 834
Number of changes on loop 336 is 788
Number of changes on loop 337 is 752
Number of changes on loop 338 is 770
Number of changes on loop 339 is 753
Number of changes on loop 340 is 712
Number of changes on loop 341 is 654
Number of changes on loop 342 is 631
Number of changes on loop 343 is 606
Number of changes on loop 344 is 601
Number of changes on loop 345 is 584
Number of changes on loop 346 is 558
Number of changes on loop 347 is 563
Number of changes on loop 348 is 550
Number of changes on loop 349 is 535
Number of changes on loop 350 is 503
Number of changes on loop 351 is 497
Number of changes on loop 352 is 468
Number of changes on loop 353 is 434
Number of changes on loop 354 is 386
Number of changes on loop 355 is 348
Number of changes on loop 356 is 334
Number of changes on loop 357 is 306
Number of changes on loop 358 is 305
Number of changes on loop 359 is 294
Number of changes on loop 360 is 287
Number of changes on loop 361 is 276
Number of changes on loop 362 is 275
Number of changes on loop 363 is 255
Number of changes on loop 364 is 263
Number of changes on loop 365 is 239
Number of changes on loop 366 is 237
Number of changes on loop 367 is 234
Number of changes on loop 368 is 230
Number of changes on loop 369 is 200
Number of changes on loop 370 is 172
Number of changes on loop 371 is 166
Number of changes on loop 372 is 145
Number of changes on loop 373 is 145
Number of changes on loop 374 is 121
Number of changes on loop 375 is 113
Number of changes on loop 376 is 101
Number of changes on loop 377 is 89
Number of changes on loop 378 is 76
Number of changes on loop 379 is 64
Number of changes on loop 380 is 62
Number of changes on loop 381 is 64
Number of changes on loop 382 is 58
Number of changes on loop 383 is 70
Number of changes on loop 384 is 63
Number of changes on loop 385 is 58
Number of changes on loop 386 is 64
Number of changes on loop 387 is 53
Number of changes on loop 388 is 52
Number of changes on loop 389 is 41
Number of changes on loop 390 is 28
Number of changes on loop 391 is 25
Number of changes on loop 392 is 20
Number of changes on loop 393 is 17
Number of changes on loop 394 is 14
Number of changes on loop 395 is 10
Number of changes on loop 396 is 6
Number of changes on loop 397 is 3
Number of changes on loop 398 is 1
Number of changes on loop 399 is 0
Cluster DOES percolate. Cluster number: 28049
Opening file &lt;map.dat&gt;
Writing the map inside the file map.dat file... Please wait
Write successful.
File closed
Map has 329 clusters, maximum cluster size is 27501
Displaying the largest 10 clusters
Opening file &lt;map.pgm&gt;
Writing data inside the map.pgm file...
File closed
Operation finished. 


ERRORS of command: cd test/v2_instance_8/bin ; ./run.sh

========================================================


OUTPUT of command: cd test/v2_instance_8 ;  chmod +x move.sh


ERRORS of command: cd test/v2_instance_8 ;  chmod +x move.sh

========================================================


OUTPUT of command: cd test/v2_instance_8 ; ./move.sh


ERRORS of command: cd test/v2_instance_8 ; ./move.sh
mv: cannot stat &apos;bin/stdout&apos;: No such file or directory

========================================================


OUTPUT of command: cd test/v2_instance_9/bin ;  chmod +x ./run.sh


ERRORS of command: cd test/v2_instance_9/bin ;  chmod +x ./run.sh

========================================================


OUTPUT of command: cd test/v2_instance_9/bin ; ./run.sh
Parameters are rho=0.900000, L=250, seed=3333
rho = 0.900000, actual density = 0.899120
Number of changes on loop 1 is 1165
Number of changes on loop 2 is 197
Number of changes on loop 3 is 30
Number of changes on loop 4 is 4
Number of changes on loop 5 is 1
Number of changes on loop 6 is 0
Cluster DOES NOT percolate
Opening file &lt;map.dat&gt;
Writing the map inside the file map.dat file... Please wait
Write successful.
File closed
Map has 5140 clusters, maximum cluster size is 7
Displaying the largest 3 clusters
Opening file &lt;map.pgm&gt;
Writing data inside the map.pgm file...
File closed
Operation finished. 


ERRORS of command: cd test/v2_instance_9/bin ; ./run.sh

========================================================


OUTPUT of command: cd test/v2_instance_9 ;  chmod +x move.sh


ERRORS of command: cd test/v2_instance_9 ;  chmod +x move.sh

========================================================


OUTPUT of command: cd test/v2_instance_9 ; ./move.sh


ERRORS of command: cd test/v2_instance_9 ; ./move.sh
mv: cannot stat &apos;bin/stdout&apos;: No such file or directory

========================================================


OUTPUT of command: cd test/v2_instance_10/bin ;  chmod +x ./run.sh


ERRORS of command: cd test/v2_instance_10/bin ;  chmod +x ./run.sh

========================================================


OUTPUT of command: cd test/v2_instance_10/bin ; ./run.sh
Parameters are rho=0.100000, L=2, seed=9999999
rho = 0.100000, actual density = 0.000000
Number of changes on loop 1 is 3
Number of changes on loop 2 is 1
Number of changes on loop 3 is 0
Cluster DOES percolate. Cluster number: 4
Opening file &lt;map.dat&gt;
Writing the map inside the file map.dat file... Please wait
Write successful.
File closed
Map has 1 clusters, maximum cluster size is 4
Displaying the largest cluster
Opening file &lt;map.pgm&gt;
Writing data inside the map.pgm file...
File closed
Operation finished. 


ERRORS of command: cd test/v2_instance_10/bin ; ./run.sh

========================================================


OUTPUT of command: cd test/v2_instance_10 ;  chmod +x move.sh


ERRORS of command: cd test/v2_instance_10 ;  chmod +x move.sh

========================================================


OUTPUT of command: cd test/v2_instance_10 ; ./move.sh


ERRORS of command: cd test/v2_instance_10 ; ./move.sh
mv: cannot stat &apos;bin/stdout&apos;: No such file or directory

========================================================


OUTPUT of command: make clean -C test/v1_instance_1
make: Entering directory &apos;/home/blue/Desktop/Edinburgh High Perfomance With Data Science/Programming Skills/B159973-PS-Assessment2/test/v1_instance_1&apos;
rm -f arralloc.o percolate.o uni.o percolate   
#rm -rf output/
make: Leaving directory &apos;/home/blue/Desktop/Edinburgh High Perfomance With Data Science/Programming Skills/B159973-PS-Assessment2/test/v1_instance_1&apos;


ERRORS of command: make clean -C test/v1_instance_1

========================================================


OUTPUT of command: make clean -C test/v1_instance_2
make: Entering directory &apos;/home/blue/Desktop/Edinburgh High Perfomance With Data Science/Programming Skills/B159973-PS-Assessment2/test/v1_instance_2&apos;
rm -f arralloc.o percolate.o uni.o percolate   
#rm -rf output/
make: Leaving directory &apos;/home/blue/Desktop/Edinburgh High Perfomance With Data Science/Programming Skills/B159973-PS-Assessment2/test/v1_instance_2&apos;


ERRORS of command: make clean -C test/v1_instance_2

========================================================


OUTPUT of command: make clean -C test/v1_instance_3
make: Entering directory &apos;/home/blue/Desktop/Edinburgh High Perfomance With Data Science/Programming Skills/B159973-PS-Assessment2/test/v1_instance_3&apos;
rm -f arralloc.o percolate.o uni.o percolate   
#rm -rf output/
make: Leaving directory &apos;/home/blue/Desktop/Edinburgh High Perfomance With Data Science/Programming Skills/B159973-PS-Assessment2/test/v1_instance_3&apos;


ERRORS of command: make clean -C test/v1_instance_3

========================================================


OUTPUT of command: make clean -C test/v1_instance_4
make: Entering directory &apos;/home/blue/Desktop/Edinburgh High Perfomance With Data Science/Programming Skills/B159973-PS-Assessment2/test/v1_instance_4&apos;
rm -f arralloc.o percolate.o uni.o percolate   
#rm -rf output/
make: Leaving directory &apos;/home/blue/Desktop/Edinburgh High Perfomance With Data Science/Programming Skills/B159973-PS-Assessment2/test/v1_instance_4&apos;


ERRORS of command: make clean -C test/v1_instance_4

========================================================


OUTPUT of command: make clean -C test/v1_instance_5
make: Entering directory &apos;/home/blue/Desktop/Edinburgh High Perfomance With Data Science/Programming Skills/B159973-PS-Assessment2/test/v1_instance_5&apos;
rm -f arralloc.o percolate.o uni.o percolate   
#rm -rf output/
make: Leaving directory &apos;/home/blue/Desktop/Edinburgh High Perfomance With Data Science/Programming Skills/B159973-PS-Assessment2/test/v1_instance_5&apos;


ERRORS of command: make clean -C test/v1_instance_5

========================================================


OUTPUT of command: make clean -C test/v1_instance_6
make: Entering directory &apos;/home/blue/Desktop/Edinburgh High Perfomance With Data Science/Programming Skills/B159973-PS-Assessment2/test/v1_instance_6&apos;
rm -f arralloc.o percolate.o uni.o percolate   
#rm -rf output/
make: Leaving directory &apos;/home/blue/Desktop/Edinburgh High Perfomance With Data Science/Programming Skills/B159973-PS-Assessment2/test/v1_instance_6&apos;


ERRORS of command: make clean -C test/v1_instance_6

========================================================


OUTPUT of command: make clean -C test/v1_instance_7
make: Entering directory &apos;/home/blue/Desktop/Edinburgh High Perfomance With Data Science/Programming Skills/B159973-PS-Assessment2/test/v1_instance_7&apos;
rm -f arralloc.o percolate.o uni.o percolate   
#rm -rf output/
make: Leaving directory &apos;/home/blue/Desktop/Edinburgh High Perfomance With Data Science/Programming Skills/B159973-PS-Assessment2/test/v1_instance_7&apos;


ERRORS of command: make clean -C test/v1_instance_7

========================================================


OUTPUT of command: make clean -C test/v1_instance_8
make: Entering directory &apos;/home/blue/Desktop/Edinburgh High Perfomance With Data Science/Programming Skills/B159973-PS-Assessment2/test/v1_instance_8&apos;
rm -f arralloc.o percolate.o uni.o percolate   
#rm -rf output/
make: Leaving directory &apos;/home/blue/Desktop/Edinburgh High Perfomance With Data Science/Programming Skills/B159973-PS-Assessment2/test/v1_instance_8&apos;


ERRORS of command: make clean -C test/v1_instance_8

========================================================


OUTPUT of command: make clean -C test/v1_instance_9
make: Entering directory &apos;/home/blue/Desktop/Edinburgh High Perfomance With Data Science/Programming Skills/B159973-PS-Assessment2/test/v1_instance_9&apos;
rm -f arralloc.o percolate.o uni.o percolate   
#rm -rf output/
make: Leaving directory &apos;/home/blue/Desktop/Edinburgh High Perfomance With Data Science/Programming Skills/B159973-PS-Assessment2/test/v1_instance_9&apos;


ERRORS of command: make clean -C test/v1_instance_9

========================================================


OUTPUT of command: make clean -C test/v1_instance_10
make: Entering directory &apos;/home/blue/Desktop/Edinburgh High Perfomance With Data Science/Programming Skills/B159973-PS-Assessment2/test/v1_instance_10&apos;
rm -f arralloc.o percolate.o uni.o percolate   
#rm -rf output/
make: Leaving directory &apos;/home/blue/Desktop/Edinburgh High Perfomance With Data Science/Programming Skills/B159973-PS-Assessment2/test/v1_instance_10&apos;


ERRORS of command: make clean -C test/v1_instance_10

========================================================


OUTPUT of command: make clean -C test/v2_instance_1
make: Entering directory &apos;/home/blue/Desktop/Edinburgh High Perfomance With Data Science/Programming Skills/B159973-PS-Assessment2/test/v2_instance_1&apos;
rm -f obj/arralloc.o obj/allocs.o obj/main.o obj/file.o obj/cluster.o obj/userInput.o obj/configuration.o obj/validation.o obj/map.o obj/uni.o
rm -f bin/percolate
rm -f bin/*.pgm
rm -f bin/*.dat
make: Leaving directory &apos;/home/blue/Desktop/Edinburgh High Perfomance With Data Science/Programming Skills/B159973-PS-Assessment2/test/v2_instance_1&apos;


ERRORS of command: make clean -C test/v2_instance_1

========================================================


OUTPUT of command: make clean -C test/v2_instance_2
make: Entering directory &apos;/home/blue/Desktop/Edinburgh High Perfomance With Data Science/Programming Skills/B159973-PS-Assessment2/test/v2_instance_2&apos;
rm -f obj/arralloc.o obj/allocs.o obj/main.o obj/file.o obj/cluster.o obj/userInput.o obj/configuration.o obj/validation.o obj/map.o obj/uni.o
rm -f bin/percolate
rm -f bin/*.pgm
rm -f bin/*.dat
make: Leaving directory &apos;/home/blue/Desktop/Edinburgh High Perfomance With Data Science/Programming Skills/B159973-PS-Assessment2/test/v2_instance_2&apos;


ERRORS of command: make clean -C test/v2_instance_2

========================================================


OUTPUT of command: make clean -C test/v2_instance_3
make: Entering directory &apos;/home/blue/Desktop/Edinburgh High Perfomance With Data Science/Programming Skills/B159973-PS-Assessment2/test/v2_instance_3&apos;
rm -f obj/arralloc.o obj/allocs.o obj/main.o obj/file.o obj/cluster.o obj/userInput.o obj/configuration.o obj/validation.o obj/map.o obj/uni.o
rm -f bin/percolate
rm -f bin/*.pgm
rm -f bin/*.dat
make: Leaving directory &apos;/home/blue/Desktop/Edinburgh High Perfomance With Data Science/Programming Skills/B159973-PS-Assessment2/test/v2_instance_3&apos;


ERRORS of command: make clean -C test/v2_instance_3

========================================================


OUTPUT of command: make clean -C test/v2_instance_4
make: Entering directory &apos;/home/blue/Desktop/Edinburgh High Perfomance With Data Science/Programming Skills/B159973-PS-Assessment2/test/v2_instance_4&apos;
rm -f obj/arralloc.o obj/allocs.o obj/main.o obj/file.o obj/cluster.o obj/userInput.o obj/configuration.o obj/validation.o obj/map.o obj/uni.o
rm -f bin/percolate
rm -f bin/*.pgm
rm -f bin/*.dat
make: Leaving directory &apos;/home/blue/Desktop/Edinburgh High Perfomance With Data Science/Programming Skills/B159973-PS-Assessment2/test/v2_instance_4&apos;


ERRORS of command: make clean -C test/v2_instance_4

========================================================


OUTPUT of command: make clean -C test/v2_instance_5
make: Entering directory &apos;/home/blue/Desktop/Edinburgh High Perfomance With Data Science/Programming Skills/B159973-PS-Assessment2/test/v2_instance_5&apos;
rm -f obj/arralloc.o obj/allocs.o obj/main.o obj/file.o obj/cluster.o obj/userInput.o obj/configuration.o obj/validation.o obj/map.o obj/uni.o
rm -f bin/percolate
rm -f bin/*.pgm
rm -f bin/*.dat
make: Leaving directory &apos;/home/blue/Desktop/Edinburgh High Perfomance With Data Science/Programming Skills/B159973-PS-Assessment2/test/v2_instance_5&apos;


ERRORS of command: make clean -C test/v2_instance_5

========================================================


OUTPUT of command: make clean -C test/v2_instance_6
make: Entering directory &apos;/home/blue/Desktop/Edinburgh High Perfomance With Data Science/Programming Skills/B159973-PS-Assessment2/test/v2_instance_6&apos;
rm -f obj/arralloc.o obj/allocs.o obj/main.o obj/file.o obj/cluster.o obj/userInput.o obj/configuration.o obj/validation.o obj/map.o obj/uni.o
rm -f bin/percolate
rm -f bin/*.pgm
rm -f bin/*.dat
make: Leaving directory &apos;/home/blue/Desktop/Edinburgh High Perfomance With Data Science/Programming Skills/B159973-PS-Assessment2/test/v2_instance_6&apos;


ERRORS of command: make clean -C test/v2_instance_6

========================================================


OUTPUT of command: make clean -C test/v2_instance_7
make: Entering directory &apos;/home/blue/Desktop/Edinburgh High Perfomance With Data Science/Programming Skills/B159973-PS-Assessment2/test/v2_instance_7&apos;
rm -f obj/arralloc.o obj/allocs.o obj/main.o obj/file.o obj/cluster.o obj/userInput.o obj/configuration.o obj/validation.o obj/map.o obj/uni.o
rm -f bin/percolate
rm -f bin/*.pgm
rm -f bin/*.dat
make: Leaving directory &apos;/home/blue/Desktop/Edinburgh High Perfomance With Data Science/Programming Skills/B159973-PS-Assessment2/test/v2_instance_7&apos;


ERRORS of command: make clean -C test/v2_instance_7

========================================================


OUTPUT of command: make clean -C test/v2_instance_8
make: Entering directory &apos;/home/blue/Desktop/Edinburgh High Perfomance With Data Science/Programming Skills/B159973-PS-Assessment2/test/v2_instance_8&apos;
rm -f obj/arralloc.o obj/allocs.o obj/main.o obj/file.o obj/cluster.o obj/userInput.o obj/configuration.o obj/validation.o obj/map.o obj/uni.o
rm -f bin/percolate
rm -f bin/*.pgm
rm -f bin/*.dat
make: Leaving directory &apos;/home/blue/Desktop/Edinburgh High Perfomance With Data Science/Programming Skills/B159973-PS-Assessment2/test/v2_instance_8&apos;


ERRORS of command: make clean -C test/v2_instance_8

========================================================


OUTPUT of command: make clean -C test/v2_instance_9
make: Entering directory &apos;/home/blue/Desktop/Edinburgh High Perfomance With Data Science/Programming Skills/B159973-PS-Assessment2/test/v2_instance_9&apos;
rm -f obj/arralloc.o obj/allocs.o obj/main.o obj/file.o obj/cluster.o obj/userInput.o obj/configuration.o obj/validation.o obj/map.o obj/uni.o
rm -f bin/percolate
rm -f bin/*.pgm
rm -f bin/*.dat
make: Leaving directory &apos;/home/blue/Desktop/Edinburgh High Perfomance With Data Science/Programming Skills/B159973-PS-Assessment2/test/v2_instance_9&apos;


ERRORS of command: make clean -C test/v2_instance_9

========================================================


OUTPUT of command: make clean -C test/v2_instance_10
make: Entering directory &apos;/home/blue/Desktop/Edinburgh High Perfomance With Data Science/Programming Skills/B159973-PS-Assessment2/test/v2_instance_10&apos;
rm -f obj/arralloc.o obj/allocs.o obj/main.o obj/file.o obj/cluster.o obj/userInput.o obj/configuration.o obj/validation.o obj/map.o obj/uni.o
rm -f bin/percolate
rm -f bin/*.pgm
rm -f bin/*.dat
make: Leaving directory &apos;/home/blue/Desktop/Edinburgh High Perfomance With Data Science/Programming Skills/B159973-PS-Assessment2/test/v2_instance_10&apos;


ERRORS of command: make clean -C test/v2_instance_10

</system-out></testcase></testsuite>